26.8985 	EXP 	Created window1 = Window(allowGUI=True, allowStencil=False, autoLog=True, backendConf=UNKNOWN, bitsMode=UNKNOWN, blendMode='avg', bpc=(8, 8, 8), color=array([0, 0, 0]), colorSpace='rgb', depthBits=8, fullscr=<method-wrapper '__getattribute__' of attributeSetter object at 0x00000243031590D0>, gamma=None, gammaErrorPolicy='raise', lms=UNKNOWN, monitor=<psychopy.monitors.calibTools.Monitor object at 0x00000243035C8160>, multiSample=False, name='window1', numSamples=2, pos=(0, 0), screen=0, size=array([1920, 1080]), stencilBits=0, stereo=False, units='height', useFBO=True, useRetina=False, viewOri=0.0, viewPos=None, viewScale=None, waitBlanking=True, winType='pyglet')
26.8985 	EXP 	window1: mouseVisible = True
26.8985 	EXP 	window1: mouseVisible = True
26.8985 	EXP 	window1: Attempting to measure frame rate of screen (0) ...
26.8986 	EXP 	window1: recordFrameIntervals = False
26.9679 	EXP 	window1: recordFrameIntervals = True
27.0445 	EXP 	Screen (0) actual frame rate measured at 142.85Hz
27.0445 	EXP 	window1: recordFrameIntervals = False
28.2078 	EXP 	Created text_9 = TextStim(__class__=<class 'psychopy.visual.text.TextStim'>, alignHoriz=method-wrapper(...), alignText='center', alignVert=method-wrapper(...), anchorHoriz='center', anchorVert='center', antialias=True, autoDraw=False, autoLog=True, bold=False, color=array([1, 1, 1]), colorSpace='rgb', contrast=1.0, depth=0.0, flipHoriz=False, flipVert=False, font='Open Sans', fontFiles=[], height=0.05, italic=False, languageStyle='LTR', name='text_9', opacity=1.0, ori=0.0, pos=array([0., 0.]), rgb=UNKNOWN, text=str(...), units='height', win=Window(...), wrapWidth=1)
28.2079 	EXP 	window1: mouseVisible = False
29.6826 	EXP 	Created connect = TextStim(__class__=<class 'psychopy.visual.text.TextStim'>, alignHoriz=method-wrapper(...), alignText='center', alignVert=method-wrapper(...), anchorHoriz='center', anchorVert='center', antialias=True, autoDraw=False, autoLog=True, bold=False, color=array([1, 1, 1]), colorSpace='rgb', contrast=1.0, depth=0.0, flipHoriz=False, flipVert=False, font='Open Sans', fontFiles=[], height=0.04, italic=False, languageStyle='LTR', name='connect', opacity=1.0, ori=0.0, pos=array([0., 0.]), rgb=UNKNOWN, text=str(...), units='height', win=Window(...), wrapWidth=1)
29.7018 	EXP 	Created text_0 = TextStim(__class__=<class 'psychopy.visual.text.TextStim'>, alignHoriz=method-wrapper(...), alignText='center', alignVert=method-wrapper(...), anchorHoriz='center', anchorVert='center', antialias=True, autoDraw=False, autoLog=True, bold=False, color=array([1, 1, 1]), colorSpace='rgb', contrast=1.0, depth=0.0, flipHoriz=False, flipVert=False, font='Open Sans', fontFiles=[], height=0.09, italic=False, languageStyle='LTR', name='text_0', opacity=1.0, ori=0.0, pos=array([0., 0.]), rgb=UNKNOWN, text=str(...), units='height', win=Window(...), wrapWidth=1)
29.7024 	EXP 	Created pause = TextStim(__class__=<class 'psychopy.visual.text.TextStim'>, alignHoriz=method-wrapper(...), alignText='center', alignVert=method-wrapper(...), anchorHoriz='center', anchorVert='center', antialias=True, autoDraw=False, autoLog=True, bold=False, color=array([1, 1, 1]), colorSpace='rgb', contrast=1.0, depth=-1.0, flipHoriz=False, flipVert=False, font='Open Sans', fontFiles=[], height=0.1, italic=False, languageStyle='LTR', name='pause', opacity=1.0, ori=0.0, pos=array([0., 0.]), rgb=UNKNOWN, text='', units='height', win=Window(...), wrapWidth=1)
30.3160 	EXP 	Sound cue set volume 1.000
30.3177 	EXP 	Created Choice = TextStim(__class__=<class 'psychopy.visual.text.TextStim'>, alignHoriz=method-wrapper(...), alignText='center', alignVert=method-wrapper(...), anchorHoriz='center', anchorVert='center', antialias=True, autoDraw=False, autoLog=True, bold=False, color=array([1, 1, 1]), colorSpace='rgb', contrast=1.0, depth=-4.0, flipHoriz=False, flipVert=False, font='Open Sans', fontFiles=[], height=0.07, italic=False, languageStyle='LTR', name='Choice', opacity=1.0, ori=0.0, pos=array([0., 0.]), rgb=UNKNOWN, text='', units='height', win=Window(...), wrapWidth=1)
30.3209 	EXP 	window1: mouseVisible = True
30.3227 	DEPRECATION 	RatingScale: custom marker has no draw() method
30.3320 	EXP 	Created ratingScale = RatingScale(__class__=type(...), acceptKeys=['return'], acceptPreText=UNKNOWN, acceptSize=UNKNOWN, acceptText=UNKNOWN, autoLog=True, choices=False, colorSpace='rgb', depth=0, disappear=False, flipVert=False, high=100, kwargs=UNKNOWN, labels=[], leftKeys=['left'], lineColor=(255, 255, 255), low=0, marker=ShapeStim(...), markerColor=(255, 255, 255), markerExpansion=UNKNOWN, markerStart=0.5, maxTime=0.0, minTime=0.4, mouseOnly=False, name='ratingScale', noMouse=False, pos=[0.0, 0.0], precision=100, respKeys=[], rightKeys=['right'], scale=None, self=UNKNOWN, showAccept=False, showValue=False, singleClick=False, size=0.6, skipKeys=['tab'], stretch=2.0, textColor=(255, 255, 255), textFont='Helvetica Bold', textSize=0.144, tickHeight=1, tickMarks=10.0, win=Window(...))
30.3433 	EXP 	Created main_text = TextStim(__class__=<class 'psychopy.visual.text.TextStim'>, alignHoriz=method-wrapper(...), alignText='center', alignVert=method-wrapper(...), anchorHoriz='center', anchorVert='center', antialias=True, autoDraw=False, autoLog=True, bold=False, color=array([1, 1, 1]), colorSpace='rgb', contrast=1.0, depth=-2.0, flipHoriz=False, flipVert=False, font='Arial', fontFiles=[], height=0.07, italic=False, languageStyle='LTR', name='main_text', opacity=1.0, ori=0, pos=array([0. , 0.4]), rgb=UNKNOWN, text=str(...), units='height', win=Window(...), wrapWidth=1)
30.3509 	EXP 	Created confirm_text = TextStim(__class__=<class 'psychopy.visual.text.TextStim'>, alignHoriz=method-wrapper(...), alignText='center', alignVert=method-wrapper(...), anchorHoriz='center', anchorVert='center', antialias=True, autoDraw=False, autoLog=True, bold=False, color=array([1, 1, 1]), colorSpace='rgb', contrast=1.0, depth=-3.0, flipHoriz=False, flipVert=False, font='Arial', fontFiles=[], height=0.05, italic=False, languageStyle='LTR', name='confirm_text', opacity=1.0, ori=0, pos=array([ 0. , -0.2]), rgb=UNKNOWN, text='Appuyer sur ESPACE pour poursuivre.', units='height', win=Window(...), wrapWidth=1)
30.3650 	EXP 	Created text = TextStim(__class__=<class 'psychopy.visual.text.TextStim'>, alignHoriz=method-wrapper(...), alignText='center', alignVert=method-wrapper(...), anchorHoriz='center', anchorVert='center', antialias=True, autoDraw=False, autoLog=True, bold=False, color=array([1, 1, 1]), colorSpace='rgb', contrast=1.0, depth=0.0, flipHoriz=False, flipVert=False, font='Open Sans', fontFiles=[], height=0.1, italic=False, languageStyle='LTR', name='text', opacity=1.0, ori=0.0, pos=array([0., 0.]), rgb=UNKNOWN, text=str(...), units='height', win=Window(...), wrapWidth=1)
30.3654 	EXP 	Created pause = TextStim(__class__=<class 'psychopy.visual.text.TextStim'>, alignHoriz=method-wrapper(...), alignText='center', alignVert=method-wrapper(...), anchorHoriz='center', anchorVert='center', antialias=True, autoDraw=False, autoLog=True, bold=False, color=array([1, 1, 1]), colorSpace='rgb', contrast=1.0, depth=-1.0, flipHoriz=False, flipVert=False, font='Open Sans', fontFiles=[], height=0.1, italic=False, languageStyle='LTR', name='pause', opacity=1.0, ori=0.0, pos=array([0., 0.]), rgb=UNKNOWN, text='', units='height', win=Window(...), wrapWidth=1)
30.3656 	EXP 	Sound cue set volume 1.000
30.3659 	EXP 	Created Choice = TextStim(__class__=<class 'psychopy.visual.text.TextStim'>, alignHoriz=method-wrapper(...), alignText='center', alignVert=method-wrapper(...), anchorHoriz='center', anchorVert='center', antialias=True, autoDraw=False, autoLog=True, bold=False, color=array([1, 1, 1]), colorSpace='rgb', contrast=1.0, depth=-4.0, flipHoriz=False, flipVert=False, font='Open Sans', fontFiles=[], height=0.07, italic=False, languageStyle='LTR', name='Choice', opacity=1.0, ori=0.0, pos=array([0., 0.]), rgb=UNKNOWN, text='', units='height', win=Window(...), wrapWidth=1)
30.3660 	EXP 	window1: mouseVisible = True
30.3667 	DEPRECATION 	RatingScale: custom marker has no draw() method
30.3719 	EXP 	Created ratingScale = RatingScale(__class__=type(...), acceptKeys=['return'], acceptPreText=UNKNOWN, acceptSize=UNKNOWN, acceptText=UNKNOWN, autoLog=True, choices=False, colorSpace='rgb', depth=0, disappear=False, flipVert=False, high=100, kwargs=UNKNOWN, labels=[], leftKeys=['left'], lineColor=(255, 255, 255), low=0, marker=ShapeStim(...), markerColor=(255, 255, 255), markerExpansion=UNKNOWN, markerStart=0.5, maxTime=0.0, minTime=0.4, mouseOnly=False, name='ratingScale', noMouse=False, pos=[0.0, 0.0], precision=100, respKeys=[], rightKeys=['right'], scale=None, self=UNKNOWN, showAccept=False, showValue=False, singleClick=False, size=0.6, skipKeys=['tab'], stretch=2.0, textColor=(255, 255, 255), textFont='Helvetica Bold', textSize=0.144, tickHeight=1, tickMarks=10.0, win=Window(...))
30.3793 	EXP 	Created main_text = TextStim(__class__=<class 'psychopy.visual.text.TextStim'>, alignHoriz=method-wrapper(...), alignText='center', alignVert=method-wrapper(...), anchorHoriz='center', anchorVert='center', antialias=True, autoDraw=False, autoLog=True, bold=False, color=array([1, 1, 1]), colorSpace='rgb', contrast=1.0, depth=-2.0, flipHoriz=False, flipVert=False, font='Arial', fontFiles=[], height=0.07, italic=False, languageStyle='LTR', name='main_text', opacity=1.0, ori=0, pos=array([0. , 0.4]), rgb=UNKNOWN, text=str(...), units='height', win=Window(...), wrapWidth=1)
30.3862 	EXP 	Created confirm_text = TextStim(__class__=<class 'psychopy.visual.text.TextStim'>, alignHoriz=method-wrapper(...), alignText='center', alignVert=method-wrapper(...), anchorHoriz='center', anchorVert='center', antialias=True, autoDraw=False, autoLog=True, bold=False, color=array([1, 1, 1]), colorSpace='rgb', contrast=1.0, depth=-3.0, flipHoriz=False, flipVert=False, font='Arial', fontFiles=[], height=0.05, italic=False, languageStyle='LTR', name='confirm_text', opacity=1.0, ori=0, pos=array([ 0. , -0.2]), rgb=UNKNOWN, text='Appuyer sur ESPACE pour poursuivre.', units='height', win=Window(...), wrapWidth=1)
30.4004 	EXP 	Created text_entreblocs = TextStim(__class__=<class 'psychopy.visual.text.TextStim'>, alignHoriz=method-wrapper(...), alignText='center', alignVert=method-wrapper(...), anchorHoriz='center', anchorVert='center', antialias=True, autoDraw=False, autoLog=True, bold=False, color=array([1, 1, 1]), colorSpace='rgb', contrast=1.0, depth=0.0, flipHoriz=False, flipVert=False, font='Open Sans', fontFiles=[], height=0.05, italic=False, languageStyle='LTR', name='text_entreblocs', opacity=1.0, ori=0.0, pos=array([0., 0.]), rgb=UNKNOWN, text=str(...), units='height', win=Window(...), wrapWidth=1)
30.4107 	EXP 	Created text_3 = TextStim(__class__=<class 'psychopy.visual.text.TextStim'>, alignHoriz=method-wrapper(...), alignText='center', alignVert=method-wrapper(...), anchorHoriz='center', anchorVert='center', antialias=True, autoDraw=False, autoLog=True, bold=False, color=array([1, 1, 1]), colorSpace='rgb', contrast=1.0, depth=0.0, flipHoriz=False, flipVert=False, font='Open Sans', fontFiles=[], height=0.1, italic=False, languageStyle='LTR', name='text_3', opacity=1.0, ori=0.0, pos=array([0., 0.]), rgb=UNKNOWN, text=str(...), units='height', win=Window(...), wrapWidth=1)
30.4165 	EXP 	Created text_fin = TextStim(__class__=<class 'psychopy.visual.text.TextStim'>, alignHoriz=method-wrapper(...), alignText='center', alignVert=method-wrapper(...), anchorHoriz='center', anchorVert='center', antialias=True, autoDraw=False, autoLog=True, bold=False, color=array([1, 1, 1]), colorSpace='rgb', contrast=1.0, depth=0.0, flipHoriz=False, flipVert=False, font='Open Sans', fontFiles=[], height=0.1, italic=False, languageStyle='LTR', name='text_fin', opacity=1.0, ori=0.0, pos=array([0., 0.]), rgb=UNKNOWN, text=str(...), units='height', win=Window(...), wrapWidth=1)
30.4166 	EXP 	window1: mouseVisible = False
30.4524 	EXP 	ratingScale: flipVert = False
30.4524 	EXP 	ratingScale: autoLog = True
30.4524 	EXP 	ratingScale: flipVert = False
30.4524 	EXP 	ratingScale: autoLog = True
30.4524 	EXP 	text_9: autoDraw = True
216.7324 	DATA 	Keypress: p
216.7419 	EXP 	text_9: autoDraw = False
216.7419 	EXP 	connect: autoDraw = True
238.7733 	DATA 	Keypress: space
238.7786 	EXP 	connect: autoDraw = False
238.7786 	EXP 	text_0: autoDraw = True
243.8312 	EXP 	Imported prob50_50_4trials.xlsx as conditions, 4 conditions, 4 params
243.8334 	EXP 	Created sequence: fullRandom, trialTypes=4, nReps=1, seed=None
243.8336 	EXP 	New trial (rep=0, index=0): {'cue_': 'grave', 'stimulus_': 'forte', 'cue_fichier': 'stimuli/330Hz', 'stimulus_fichier': 'stimuli/forte'}
243.8703 	DATA 	Keypress: space
244.0051 	EXP 	text_0: autoDraw = False
244.0051 	EXP 	pause: height = 0.1
244.0051 	EXP 	pause: height = 0.1
244.0051 	EXP 	pause: height = 0.1
244.0051 	EXP 	pause: text = '+'
244.0051 	EXP 	pause: autoDraw = True
249.0226 	EXP 	Sound cue started
249.0168 	EXP 	pause: autoDraw = False
249.0168 	EXP 	pause: autoDraw = False
249.0168 	EXP 	Choice: height = 0.07
249.0168 	EXP 	Choice: height = 0.07
249.0168 	EXP 	Choice: height = 0.07
249.0168 	EXP 	Choice: text = 'Faible              Moyenne'
249.3075 	EXP 	Sound cue reached end of file
249.3088 	EXP 	window1: recordFrameIntervals = False
249.3149 	EXP 	window1: recordFrameIntervals = False
249.4543 	EXP 	Choice: autoDraw = True
250.9014 	EXP 	Created unnamed Rect = Rect(__class__=<class 'psychopy.visual.rect.Rect'>, anchor=('center', 'center'), autoDraw=False, autoLog=True, closeShape=True, color=method-wrapper(...), colorSpace='rgb', contrast=None, depth=0, fillColor=array([1, 1, 1]), fillColorSpace='rgb', fillRGB=array([1, 1, 1]), interpolate=True, lineColor=array([1, 1, 1]), lineColorSpace='rgb', lineRGB=array([1, 1, 1]), lineWidth=1.5, name='unnamed Rect', opacity=1.0, ori=0.0, pos=array([0., 0.]), size=array([0.01, 0.1 ]), units='norm', vertices=ndarray(...), win=Window(...))
250.9020 	EXP 	window1: mouseVisible = True
250.9248 	EXP 	Created ratingScale = RatingScale(__class__=type(...), acceptKeys=['return'], acceptPreText=UNKNOWN, acceptSize=UNKNOWN, acceptText=UNKNOWN, autoLog=True, choices=False, colorSpace='rgb', depth=0, disappear=False, flipVert=False, high=100, kwargs=UNKNOWN, labels=list(...), leftKeys=['left'], lineColor=(255, 255, 255), low=0, marker=Rect(...), markerColor=(255, 255, 255), markerExpansion=UNKNOWN, markerStart=0.5, maxTime=0.0, minTime=0.4, mouseOnly=False, name='ratingScale', noMouse=False, pos=[0.0, 0.0], precision=1, respKeys=[], rightKeys=['right'], scale=None, self=UNKNOWN, showAccept=False, showValue=False, singleClick=False, size=0.6, skipKeys=['tab'], stretch=2.0, textColor='white', textFont='Helvetica Bold', textSize=0.144, tickHeight=0, tickMarks=10.0, win=Window(...))
250.9250 	EXP 	RatingScale ratingScale: reset()
250.9264 	DATA 	Keypress: m
250.9268 	EXP 	window1: mouseVisible = False
250.9276 	EXP 	Choice: autoDraw = False
250.9276 	EXP 	ratingScale: flipVert = False
250.9276 	EXP 	unnamed Rect: fillColor = <psychopy.colors.Color: (255.0, 255.0, 255.0, 1.0)>
250.9276 	EXP 	ratingScale: autoLog = True
250.9276 	EXP 	unnamed Rect: fillColor = <psychopy.colors.Color: (255.0, 255.0, 255.0, 1.0)>
250.9288 	EXP 	window1: mouseVisible = False
250.9341 	EXP 	window1: mouseVisible = False
250.9409 	EXP 	window1: mouseVisible = False
250.9476 	EXP 	window1: mouseVisible = False
250.9546 	EXP 	window1: mouseVisible = False
250.9617 	EXP 	window1: mouseVisible = False
250.9687 	EXP 	window1: mouseVisible = False
250.9755 	EXP 	window1: mouseVisible = False
250.9827 	EXP 	window1: mouseVisible = False
250.9894 	EXP 	window1: mouseVisible = False
250.9968 	EXP 	window1: mouseVisible = False
251.0041 	EXP 	window1: mouseVisible = False
251.0109 	EXP 	window1: mouseVisible = False
251.0175 	EXP 	window1: mouseVisible = False
251.0245 	EXP 	window1: mouseVisible = False
251.0316 	EXP 	window1: mouseVisible = False
251.0385 	EXP 	window1: mouseVisible = False
251.0453 	EXP 	window1: mouseVisible = False
251.0525 	EXP 	window1: mouseVisible = False
251.0591 	EXP 	window1: mouseVisible = False
251.0661 	EXP 	window1: mouseVisible = False
251.0730 	EXP 	window1: mouseVisible = False
251.0802 	EXP 	window1: mouseVisible = False
251.0872 	EXP 	window1: mouseVisible = False
251.0939 	EXP 	window1: mouseVisible = False
251.1009 	EXP 	window1: mouseVisible = False
251.1080 	EXP 	window1: mouseVisible = False
251.1154 	EXP 	window1: mouseVisible = False
251.1225 	EXP 	window1: mouseVisible = False
251.1291 	EXP 	window1: mouseVisible = False
251.1358 	EXP 	window1: mouseVisible = False
251.1429 	EXP 	window1: mouseVisible = False
251.1501 	EXP 	window1: mouseVisible = False
251.1572 	EXP 	window1: mouseVisible = False
251.1642 	EXP 	window1: mouseVisible = False
251.1705 	EXP 	window1: mouseVisible = False
251.1786 	EXP 	window1: mouseVisible = False
251.1844 	EXP 	window1: mouseVisible = False
251.1916 	EXP 	window1: mouseVisible = False
251.1982 	EXP 	window1: mouseVisible = False
251.2057 	EXP 	window1: mouseVisible = False
251.2122 	EXP 	window1: mouseVisible = False
251.2196 	EXP 	window1: mouseVisible = False
251.2268 	EXP 	window1: mouseVisible = False
251.2342 	EXP 	window1: mouseVisible = False
251.2401 	EXP 	window1: mouseVisible = False
251.2468 	EXP 	window1: mouseVisible = False
251.2539 	EXP 	window1: mouseVisible = False
251.2608 	EXP 	window1: mouseVisible = False
251.2676 	EXP 	window1: mouseVisible = False
251.2744 	EXP 	window1: mouseVisible = False
251.2817 	EXP 	window1: mouseVisible = False
251.2885 	EXP 	window1: mouseVisible = False
251.2957 	EXP 	window1: mouseVisible = False
251.3021 	EXP 	window1: mouseVisible = False
251.3088 	EXP 	window1: mouseVisible = False
251.3160 	EXP 	window1: mouseVisible = False
251.3233 	EXP 	window1: mouseVisible = False
251.3307 	EXP 	window1: mouseVisible = False
251.3374 	EXP 	window1: mouseVisible = False
251.3441 	EXP 	window1: mouseVisible = False
251.3510 	EXP 	window1: mouseVisible = False
251.3579 	EXP 	window1: mouseVisible = False
251.3650 	EXP 	window1: mouseVisible = False
251.3718 	EXP 	window1: mouseVisible = False
251.3788 	EXP 	window1: mouseVisible = False
251.3856 	EXP 	window1: mouseVisible = False
251.3926 	EXP 	window1: mouseVisible = False
251.3995 	EXP 	window1: mouseVisible = False
251.4065 	EXP 	window1: mouseVisible = False
251.4138 	EXP 	window1: mouseVisible = False
251.4219 	EXP 	window1: mouseVisible = False
251.4272 	EXP 	window1: mouseVisible = False
251.4343 	EXP 	window1: mouseVisible = False
251.4424 	EXP 	window1: mouseVisible = False
251.4481 	EXP 	window1: mouseVisible = False
251.4552 	EXP 	window1: mouseVisible = False
251.4621 	EXP 	window1: mouseVisible = False
251.4690 	EXP 	window1: mouseVisible = False
251.4763 	EXP 	window1: mouseVisible = False
251.4826 	EXP 	window1: mouseVisible = False
251.4899 	EXP 	window1: mouseVisible = False
251.4970 	EXP 	window1: mouseVisible = False
251.5039 	EXP 	window1: mouseVisible = False
251.5106 	EXP 	window1: mouseVisible = False
251.5175 	EXP 	window1: mouseVisible = False
251.5246 	EXP 	window1: mouseVisible = False
251.5314 	EXP 	window1: mouseVisible = False
251.5385 	EXP 	window1: mouseVisible = False
251.5453 	EXP 	window1: mouseVisible = False
251.5527 	EXP 	window1: mouseVisible = False
251.5590 	EXP 	window1: mouseVisible = False
251.5660 	EXP 	window1: mouseVisible = False
251.5730 	EXP 	window1: mouseVisible = False
251.5804 	EXP 	window1: mouseVisible = False
251.5870 	EXP 	window1: mouseVisible = False
251.5944 	EXP 	window1: mouseVisible = False
251.6015 	EXP 	window1: mouseVisible = False
251.6078 	EXP 	window1: mouseVisible = False
251.6148 	EXP 	window1: mouseVisible = False
251.6220 	EXP 	window1: mouseVisible = False
251.6287 	EXP 	window1: mouseVisible = False
251.6358 	EXP 	window1: mouseVisible = False
251.6426 	EXP 	window1: mouseVisible = False
251.6497 	EXP 	window1: mouseVisible = False
251.6578 	EXP 	window1: mouseVisible = False
251.6639 	EXP 	window1: mouseVisible = False
251.6703 	EXP 	window1: mouseVisible = False
251.6776 	EXP 	window1: mouseVisible = False
251.6847 	EXP 	window1: mouseVisible = False
251.6919 	EXP 	window1: mouseVisible = False
251.6985 	EXP 	window1: mouseVisible = False
251.7051 	EXP 	window1: mouseVisible = False
251.7120 	EXP 	window1: mouseVisible = False
251.7189 	EXP 	window1: mouseVisible = False
251.7259 	EXP 	window1: mouseVisible = False
251.7328 	EXP 	window1: mouseVisible = False
251.7401 	EXP 	window1: mouseVisible = False
251.7475 	EXP 	window1: mouseVisible = False
251.7536 	EXP 	window1: mouseVisible = False
251.7607 	EXP 	window1: mouseVisible = False
251.7679 	EXP 	window1: mouseVisible = False
251.7745 	EXP 	window1: mouseVisible = False
251.7814 	EXP 	window1: mouseVisible = False
251.7887 	EXP 	window1: mouseVisible = False
251.7961 	EXP 	window1: mouseVisible = False
251.8028 	EXP 	window1: mouseVisible = False
251.8096 	EXP 	window1: mouseVisible = False
251.8163 	EXP 	window1: mouseVisible = False
251.8236 	EXP 	window1: mouseVisible = False
251.8300 	DATA 	Keypress: m
251.8304 	EXP 	window1: mouseVisible = False
251.8369 	EXP 	window1: mouseVisible = False
251.8440 	EXP 	window1: mouseVisible = False
251.8509 	EXP 	window1: mouseVisible = False
251.8579 	EXP 	window1: mouseVisible = False
251.8653 	EXP 	window1: mouseVisible = False
251.8721 	EXP 	window1: mouseVisible = False
251.8792 	EXP 	window1: mouseVisible = False
251.8858 	EXP 	window1: mouseVisible = False
251.8930 	EXP 	window1: mouseVisible = False
251.9003 	EXP 	window1: mouseVisible = False
251.9074 	EXP 	window1: mouseVisible = False
251.9137 	EXP 	window1: mouseVisible = False
251.9208 	EXP 	window1: mouseVisible = False
251.9273 	EXP 	window1: mouseVisible = False
251.9346 	EXP 	window1: mouseVisible = False
251.9414 	EXP 	window1: mouseVisible = False
251.9484 	EXP 	window1: mouseVisible = False
251.9559 	EXP 	window1: mouseVisible = False
251.9620 	EXP 	window1: mouseVisible = False
251.9689 	EXP 	window1: mouseVisible = False
251.9761 	EXP 	window1: mouseVisible = False
251.9838 	EXP 	window1: mouseVisible = False
251.9901 	EXP 	window1: mouseVisible = False
251.9973 	EXP 	window1: mouseVisible = False
252.0049 	EXP 	window1: mouseVisible = False
252.0110 	EXP 	window1: mouseVisible = False
252.0184 	EXP 	window1: mouseVisible = False
252.0249 	EXP 	window1: mouseVisible = False
252.0315 	EXP 	window1: mouseVisible = False
252.0384 	EXP 	window1: mouseVisible = False
252.0459 	EXP 	window1: mouseVisible = False
252.0524 	EXP 	window1: mouseVisible = False
252.0598 	EXP 	window1: mouseVisible = False
252.0664 	EXP 	window1: mouseVisible = False
252.0738 	EXP 	window1: mouseVisible = False
252.0806 	EXP 	window1: mouseVisible = False
252.0872 	EXP 	window1: mouseVisible = False
252.0944 	EXP 	window1: mouseVisible = False
252.1018 	EXP 	window1: mouseVisible = False
252.1081 	EXP 	window1: mouseVisible = False
252.1149 	EXP 	window1: mouseVisible = False
252.1221 	EXP 	window1: mouseVisible = False
252.1294 	EXP 	window1: mouseVisible = False
252.1364 	EXP 	window1: mouseVisible = False
252.1433 	EXP 	window1: mouseVisible = False
252.1499 	EXP 	window1: mouseVisible = False
252.1567 	EXP 	window1: mouseVisible = False
252.1639 	EXP 	window1: mouseVisible = False
252.1705 	EXP 	window1: mouseVisible = False
252.1773 	EXP 	window1: mouseVisible = False
252.1844 	EXP 	window1: mouseVisible = False
252.1910 	EXP 	window1: mouseVisible = False
252.1984 	EXP 	window1: mouseVisible = False
252.2055 	EXP 	window1: mouseVisible = False
252.2127 	EXP 	window1: mouseVisible = False
252.2194 	EXP 	window1: mouseVisible = False
252.2261 	EXP 	window1: mouseVisible = False
252.2337 	EXP 	window1: mouseVisible = False
252.2400 	EXP 	window1: mouseVisible = False
252.2475 	EXP 	window1: mouseVisible = False
252.2541 	EXP 	window1: mouseVisible = False
252.2606 	EXP 	window1: mouseVisible = False
252.2676 	EXP 	window1: mouseVisible = False
252.2748 	EXP 	window1: mouseVisible = False
252.2820 	EXP 	window1: mouseVisible = False
252.2885 	EXP 	window1: mouseVisible = False
252.2959 	EXP 	window1: mouseVisible = False
252.3029 	EXP 	window1: mouseVisible = False
252.3098 	EXP 	window1: mouseVisible = False
252.3168 	EXP 	window1: mouseVisible = False
252.3233 	EXP 	window1: mouseVisible = False
252.3302 	EXP 	window1: mouseVisible = False
252.3370 	EXP 	window1: mouseVisible = False
252.3440 	EXP 	window1: mouseVisible = False
252.3507 	EXP 	window1: mouseVisible = False
252.3581 	EXP 	window1: mouseVisible = False
252.3651 	EXP 	window1: mouseVisible = False
252.3723 	EXP 	window1: mouseVisible = False
252.3796 	EXP 	window1: mouseVisible = False
252.3862 	EXP 	window1: mouseVisible = False
252.3930 	EXP 	window1: mouseVisible = False
252.4006 	EXP 	window1: mouseVisible = False
252.4068 	EXP 	window1: mouseVisible = False
252.4140 	EXP 	window1: mouseVisible = False
252.4213 	EXP 	window1: mouseVisible = False
252.4278 	EXP 	window1: mouseVisible = False
252.4352 	EXP 	window1: mouseVisible = False
252.4417 	EXP 	window1: mouseVisible = False
252.4483 	EXP 	window1: mouseVisible = False
252.4561 	EXP 	window1: mouseVisible = False
252.4621 	EXP 	window1: mouseVisible = False
252.4695 	EXP 	window1: mouseVisible = False
252.4763 	EXP 	window1: mouseVisible = False
252.4830 	EXP 	window1: mouseVisible = False
252.4898 	EXP 	window1: mouseVisible = False
252.4971 	EXP 	window1: mouseVisible = False
252.5040 	EXP 	window1: mouseVisible = False
252.5107 	EXP 	window1: mouseVisible = False
252.5175 	EXP 	window1: mouseVisible = False
252.5245 	EXP 	window1: mouseVisible = False
252.5319 	EXP 	window1: mouseVisible = False
252.5395 	EXP 	window1: mouseVisible = False
252.5460 	EXP 	window1: mouseVisible = False
252.5526 	EXP 	window1: mouseVisible = False
252.5597 	DATA 	Keypress: n
252.5601 	EXP 	window1: mouseVisible = False
252.5664 	EXP 	window1: mouseVisible = False
252.5732 	EXP 	window1: mouseVisible = False
252.5800 	EXP 	window1: mouseVisible = False
252.5875 	EXP 	window1: mouseVisible = False
252.5948 	EXP 	window1: mouseVisible = False
252.6012 	EXP 	window1: mouseVisible = False
252.6080 	EXP 	window1: mouseVisible = False
252.6155 	EXP 	window1: mouseVisible = False
252.6219 	EXP 	window1: mouseVisible = False
252.6293 	EXP 	window1: mouseVisible = False
252.6359 	EXP 	window1: mouseVisible = False
252.6433 	EXP 	window1: mouseVisible = False
252.6499 	EXP 	window1: mouseVisible = False
252.6565 	EXP 	window1: mouseVisible = False
252.6642 	EXP 	window1: mouseVisible = False
252.6713 	EXP 	window1: mouseVisible = False
252.6776 	EXP 	window1: mouseVisible = False
252.6844 	EXP 	window1: mouseVisible = False
252.6915 	EXP 	window1: mouseVisible = False
252.6993 	EXP 	window1: mouseVisible = False
252.7061 	EXP 	window1: mouseVisible = False
252.7123 	EXP 	window1: mouseVisible = False
252.7193 	EXP 	window1: mouseVisible = False
252.7267 	EXP 	window1: mouseVisible = False
252.7332 	EXP 	window1: mouseVisible = False
252.7403 	EXP 	window1: mouseVisible = False
252.7471 	EXP 	window1: mouseVisible = False
252.7540 	EXP 	window1: mouseVisible = False
252.7606 	EXP 	window1: mouseVisible = False
252.7682 	EXP 	window1: mouseVisible = False
252.7746 	EXP 	window1: mouseVisible = False
252.7817 	EXP 	window1: mouseVisible = False
252.7889 	EXP 	window1: mouseVisible = False
252.7958 	EXP 	window1: mouseVisible = False
252.8025 	EXP 	window1: mouseVisible = False
252.8094 	EXP 	window1: mouseVisible = False
252.8171 	EXP 	window1: mouseVisible = False
252.8234 	EXP 	window1: mouseVisible = False
252.8302 	EXP 	window1: mouseVisible = False
252.8375 	EXP 	window1: mouseVisible = False
252.8443 	EXP 	window1: mouseVisible = False
252.8516 	EXP 	window1: mouseVisible = False
252.8580 	EXP 	window1: mouseVisible = False
252.8654 	EXP 	window1: mouseVisible = False
252.8723 	EXP 	window1: mouseVisible = False
252.8796 	EXP 	window1: mouseVisible = False
252.8861 	EXP 	window1: mouseVisible = False
252.8928 	EXP 	window1: mouseVisible = False
252.9002 	EXP 	window1: mouseVisible = False
252.9075 	EXP 	window1: mouseVisible = False
252.9141 	EXP 	window1: mouseVisible = False
252.9213 	EXP 	window1: mouseVisible = False
252.9279 	EXP 	window1: mouseVisible = False
252.9352 	EXP 	window1: mouseVisible = False
252.9418 	EXP 	window1: mouseVisible = False
252.9488 	EXP 	window1: mouseVisible = False
252.9553 	EXP 	window1: mouseVisible = False
252.9628 	EXP 	window1: mouseVisible = False
252.9698 	EXP 	window1: mouseVisible = False
252.9765 	EXP 	window1: mouseVisible = False
252.9832 	EXP 	window1: mouseVisible = False
252.9907 	EXP 	window1: mouseVisible = False
252.9973 	EXP 	window1: mouseVisible = False
253.0039 	EXP 	window1: mouseVisible = False
253.0110 	EXP 	window1: mouseVisible = False
253.0170 	DATA 	Keypress: space
253.1173 	EXP 	New trial (rep=0, index=1): {'cue_': 'aigu', 'stimulus_': 'forte', 'cue_fichier': 'stimuli/660Hz', 'stimulus_fichier': 'stimuli/forte'}
253.3047 	EXP 	main_text: autoDraw = True
253.3047 	EXP 	confirm_text: autoDraw = True
253.3047 	EXP 	ratingScale: autoDraw = False
253.3047 	EXP 	main_text: autoDraw = False
253.3047 	EXP 	confirm_text: autoDraw = False
253.3047 	EXP 	pause: text = '+'
253.3047 	EXP 	pause: autoDraw = True
258.0235 	EXP 	Sound cue started
258.0204 	EXP 	pause: autoDraw = False
258.0204 	EXP 	pause: autoDraw = False
258.0204 	EXP 	Choice: text = 'Faible              Moyenne'
258.3151 	EXP 	Sound cue reached end of file
258.3162 	EXP 	window1: recordFrameIntervals = False
258.3228 	EXP 	window1: recordFrameIntervals = False
258.4617 	EXP 	Choice: autoDraw = True
259.6434 	DATA 	Keypress: m
259.6514 	EXP 	Created unnamed Rect = Rect(__class__=<class 'psychopy.visual.rect.Rect'>, anchor=('center', 'center'), autoDraw=False, autoLog=True, closeShape=True, color=method-wrapper(...), colorSpace='rgb', contrast=None, depth=0, fillColor=array([1, 1, 1]), fillColorSpace='rgb', fillRGB=array([1, 1, 1]), interpolate=True, lineColor=array([1, 1, 1]), lineColorSpace='rgb', lineRGB=array([1, 1, 1]), lineWidth=1.5, name='unnamed Rect', opacity=1.0, ori=0.0, pos=array([0., 0.]), size=array([0.01, 0.1 ]), units='norm', vertices=ndarray(...), win=Window(...))
259.6518 	EXP 	window1: mouseVisible = True
259.6691 	EXP 	Created ratingScale = RatingScale(__class__=type(...), acceptKeys=['return'], acceptPreText=UNKNOWN, acceptSize=UNKNOWN, acceptText=UNKNOWN, autoLog=True, choices=False, colorSpace='rgb', depth=0, disappear=False, flipVert=False, high=100, kwargs=UNKNOWN, labels=list(...), leftKeys=['left'], lineColor=(255, 255, 255), low=0, marker=Rect(...), markerColor=(255, 255, 255), markerExpansion=UNKNOWN, markerStart=0.5, maxTime=0.0, minTime=0.4, mouseOnly=False, name='ratingScale', noMouse=False, pos=[0.0, 0.0], precision=1, respKeys=[], rightKeys=['right'], scale=None, self=UNKNOWN, showAccept=False, showValue=False, singleClick=False, size=0.6, skipKeys=['tab'], stretch=2.0, textColor='white', textFont='Helvetica Bold', textSize=0.144, tickHeight=0, tickMarks=10.0, win=Window(...))
259.6692 	EXP 	RatingScale ratingScale: reset()
259.6707 	EXP 	window1: mouseVisible = False
259.6714 	EXP 	Choice: autoDraw = False
259.6714 	EXP 	ratingScale: flipVert = False
259.6714 	EXP 	unnamed Rect: fillColor = <psychopy.colors.Color: (255.0, 255.0, 255.0, 1.0)>
259.6714 	EXP 	ratingScale: autoLog = True
259.6714 	EXP 	unnamed Rect: fillColor = <psychopy.colors.Color: (255.0, 255.0, 255.0, 1.0)>
259.6724 	EXP 	window1: mouseVisible = False
259.6778 	EXP 	window1: mouseVisible = False
259.6847 	EXP 	window1: mouseVisible = False
259.6923 	EXP 	window1: mouseVisible = False
259.6991 	EXP 	window1: mouseVisible = False
259.7058 	EXP 	window1: mouseVisible = False
259.7127 	EXP 	window1: mouseVisible = False
259.7198 	EXP 	window1: mouseVisible = False
259.7267 	EXP 	window1: mouseVisible = False
259.7334 	EXP 	window1: mouseVisible = False
259.7409 	EXP 	window1: mouseVisible = False
259.7475 	EXP 	window1: mouseVisible = False
259.7544 	EXP 	window1: mouseVisible = False
259.7612 	EXP 	window1: mouseVisible = False
259.7684 	EXP 	window1: mouseVisible = False
259.7752 	EXP 	window1: mouseVisible = False
259.7827 	EXP 	window1: mouseVisible = False
259.7900 	EXP 	window1: mouseVisible = False
259.7963 	EXP 	window1: mouseVisible = False
259.8033 	EXP 	window1: mouseVisible = False
259.8099 	EXP 	window1: mouseVisible = False
259.8173 	EXP 	window1: mouseVisible = False
259.8242 	EXP 	window1: mouseVisible = False
259.8308 	EXP 	window1: mouseVisible = False
259.8380 	EXP 	window1: mouseVisible = False
259.8452 	EXP 	window1: mouseVisible = False
259.8526 	EXP 	window1: mouseVisible = False
259.8595 	EXP 	window1: mouseVisible = False
259.8664 	EXP 	window1: mouseVisible = False
259.8732 	EXP 	window1: mouseVisible = False
259.8804 	EXP 	window1: mouseVisible = False
259.8870 	EXP 	window1: mouseVisible = False
259.8940 	EXP 	window1: mouseVisible = False
259.9009 	EXP 	window1: mouseVisible = False
259.9076 	EXP 	window1: mouseVisible = False
259.9145 	EXP 	window1: mouseVisible = False
259.9219 	EXP 	window1: mouseVisible = False
259.9284 	EXP 	window1: mouseVisible = False
259.9359 	EXP 	window1: mouseVisible = False
259.9426 	EXP 	window1: mouseVisible = False
259.9496 	EXP 	window1: mouseVisible = False
259.9561 	EXP 	window1: mouseVisible = False
259.9634 	EXP 	window1: mouseVisible = False
259.9700 	EXP 	window1: mouseVisible = False
259.9776 	EXP 	window1: mouseVisible = False
259.9841 	EXP 	window1: mouseVisible = False
259.9909 	EXP 	window1: mouseVisible = False
259.9979 	EXP 	window1: mouseVisible = False
260.0052 	EXP 	window1: mouseVisible = False
260.0118 	EXP 	window1: mouseVisible = False
260.0188 	EXP 	window1: mouseVisible = False
260.0259 	EXP 	window1: mouseVisible = False
260.0325 	EXP 	window1: mouseVisible = False
260.0393 	EXP 	window1: mouseVisible = False
260.0465 	EXP 	window1: mouseVisible = False
260.0538 	EXP 	window1: mouseVisible = False
260.0610 	EXP 	window1: mouseVisible = False
260.0676 	EXP 	window1: mouseVisible = False
260.0747 	EXP 	window1: mouseVisible = False
260.0811 	EXP 	window1: mouseVisible = False
260.0878 	EXP 	window1: mouseVisible = False
260.0952 	EXP 	window1: mouseVisible = False
260.1026 	EXP 	window1: mouseVisible = False
260.1090 	EXP 	window1: mouseVisible = False
260.1162 	EXP 	window1: mouseVisible = False
260.1230 	EXP 	window1: mouseVisible = False
260.1295 	EXP 	window1: mouseVisible = False
260.1369 	EXP 	window1: mouseVisible = False
260.1437 	EXP 	window1: mouseVisible = False
260.1508 	EXP 	window1: mouseVisible = False
260.1573 	EXP 	window1: mouseVisible = False
260.1647 	EXP 	window1: mouseVisible = False
260.1717 	EXP 	window1: mouseVisible = False
260.1783 	EXP 	window1: mouseVisible = False
260.1856 	EXP 	window1: mouseVisible = False
260.1922 	EXP 	window1: mouseVisible = False
260.1989 	EXP 	window1: mouseVisible = False
260.2057 	EXP 	window1: mouseVisible = False
260.2129 	EXP 	window1: mouseVisible = False
260.2203 	EXP 	window1: mouseVisible = False
260.2270 	EXP 	window1: mouseVisible = False
260.2345 	EXP 	window1: mouseVisible = False
260.2411 	EXP 	window1: mouseVisible = False
260.2475 	EXP 	window1: mouseVisible = False
260.2544 	EXP 	window1: mouseVisible = False
260.2636 	EXP 	window1: mouseVisible = False
260.2687 	EXP 	window1: mouseVisible = False
260.2755 	EXP 	window1: mouseVisible = False
260.2828 	EXP 	window1: mouseVisible = False
260.2899 	EXP 	window1: mouseVisible = False
260.2963 	EXP 	window1: mouseVisible = False
260.3040 	EXP 	window1: mouseVisible = False
260.3107 	EXP 	window1: mouseVisible = False
260.3172 	EXP 	window1: mouseVisible = False
260.3242 	EXP 	window1: mouseVisible = False
260.3311 	EXP 	window1: mouseVisible = False
260.3380 	EXP 	window1: mouseVisible = False
260.3449 	EXP 	window1: mouseVisible = False
260.3517 	EXP 	window1: mouseVisible = False
260.3593 	EXP 	window1: mouseVisible = False
260.3659 	EXP 	window1: mouseVisible = False
260.3728 	EXP 	window1: mouseVisible = False
260.3800 	EXP 	window1: mouseVisible = False
260.3866 	EXP 	window1: mouseVisible = False
260.3939 	EXP 	window1: mouseVisible = False
260.4007 	EXP 	window1: mouseVisible = False
260.4076 	EXP 	window1: mouseVisible = False
260.4145 	EXP 	window1: mouseVisible = False
260.4217 	EXP 	window1: mouseVisible = False
260.4285 	EXP 	window1: mouseVisible = False
260.4358 	EXP 	window1: mouseVisible = False
260.4425 	EXP 	window1: mouseVisible = False
260.4495 	EXP 	window1: mouseVisible = False
260.4563 	EXP 	window1: mouseVisible = False
260.4635 	EXP 	window1: mouseVisible = False
260.4701 	EXP 	window1: mouseVisible = False
260.4772 	EXP 	window1: mouseVisible = False
260.4842 	EXP 	window1: mouseVisible = False
260.4907 	EXP 	window1: mouseVisible = False
260.4980 	EXP 	window1: mouseVisible = False
260.5053 	EXP 	window1: mouseVisible = False
260.5118 	EXP 	window1: mouseVisible = False
260.5190 	EXP 	window1: mouseVisible = False
260.5260 	EXP 	window1: mouseVisible = False
260.5328 	EXP 	window1: mouseVisible = False
260.5395 	EXP 	window1: mouseVisible = False
260.5467 	EXP 	window1: mouseVisible = False
260.5538 	EXP 	window1: mouseVisible = False
260.5609 	EXP 	window1: mouseVisible = False
260.5672 	EXP 	window1: mouseVisible = False
260.5741 	EXP 	window1: mouseVisible = False
260.5813 	EXP 	window1: mouseVisible = False
260.5885 	EXP 	window1: mouseVisible = False
260.5951 	EXP 	window1: mouseVisible = False
260.6024 	EXP 	window1: mouseVisible = False
260.6097 	EXP 	window1: mouseVisible = False
260.6158 	EXP 	window1: mouseVisible = False
260.6231 	EXP 	window1: mouseVisible = False
260.6302 	EXP 	window1: mouseVisible = False
260.6369 	EXP 	window1: mouseVisible = False
260.6445 	EXP 	window1: mouseVisible = False
260.6506 	EXP 	window1: mouseVisible = False
260.6574 	EXP 	window1: mouseVisible = False
260.6647 	EXP 	window1: mouseVisible = False
260.6713 	EXP 	window1: mouseVisible = False
260.6781 	EXP 	window1: mouseVisible = False
260.6855 	EXP 	window1: mouseVisible = False
260.6924 	EXP 	window1: mouseVisible = False
260.6990 	EXP 	window1: mouseVisible = False
260.7061 	EXP 	window1: mouseVisible = False
260.7127 	EXP 	window1: mouseVisible = False
260.7198 	EXP 	window1: mouseVisible = False
260.7269 	EXP 	window1: mouseVisible = False
260.7343 	EXP 	window1: mouseVisible = False
260.7411 	DATA 	Keypress: m
260.7416 	EXP 	window1: mouseVisible = False
260.7479 	EXP 	window1: mouseVisible = False
260.7550 	EXP 	window1: mouseVisible = False
260.7624 	EXP 	window1: mouseVisible = False
260.7693 	EXP 	window1: mouseVisible = False
260.7760 	EXP 	window1: mouseVisible = False
260.7827 	EXP 	window1: mouseVisible = False
260.7897 	EXP 	window1: mouseVisible = False
260.7968 	EXP 	window1: mouseVisible = False
260.8037 	EXP 	window1: mouseVisible = False
260.8110 	EXP 	window1: mouseVisible = False
260.8181 	EXP 	window1: mouseVisible = False
260.8248 	EXP 	window1: mouseVisible = False
260.8322 	EXP 	window1: mouseVisible = False
260.8388 	EXP 	window1: mouseVisible = False
260.8454 	EXP 	window1: mouseVisible = False
260.8533 	EXP 	window1: mouseVisible = False
260.8592 	EXP 	window1: mouseVisible = False
260.8664 	EXP 	window1: mouseVisible = False
260.8729 	EXP 	window1: mouseVisible = False
260.8801 	EXP 	window1: mouseVisible = False
260.8868 	EXP 	window1: mouseVisible = False
260.8935 	EXP 	window1: mouseVisible = False
260.9010 	EXP 	window1: mouseVisible = False
260.9075 	EXP 	window1: mouseVisible = False
260.9147 	EXP 	window1: mouseVisible = False
260.9220 	EXP 	window1: mouseVisible = False
260.9291 	DATA 	Keypress: m
260.9295 	EXP 	window1: mouseVisible = False
260.9354 	EXP 	window1: mouseVisible = False
260.9430 	EXP 	window1: mouseVisible = False
260.9492 	EXP 	window1: mouseVisible = False
260.9564 	EXP 	window1: mouseVisible = False
260.9635 	EXP 	window1: mouseVisible = False
260.9704 	EXP 	window1: mouseVisible = False
260.9777 	EXP 	window1: mouseVisible = False
260.9842 	EXP 	window1: mouseVisible = False
260.9915 	EXP 	window1: mouseVisible = False
260.9980 	EXP 	window1: mouseVisible = False
261.0047 	EXP 	window1: mouseVisible = False
261.0116 	EXP 	window1: mouseVisible = False
261.0188 	EXP 	window1: mouseVisible = False
261.0258 	EXP 	window1: mouseVisible = False
261.0331 	EXP 	window1: mouseVisible = False
261.0395 	EXP 	window1: mouseVisible = False
261.0465 	EXP 	window1: mouseVisible = False
261.0538 	EXP 	window1: mouseVisible = False
261.0606 	EXP 	window1: mouseVisible = False
261.0678 	EXP 	window1: mouseVisible = False
261.0744 	EXP 	window1: mouseVisible = False
261.0810 	EXP 	window1: mouseVisible = False
261.0879 	EXP 	window1: mouseVisible = False
261.0948 	EXP 	window1: mouseVisible = False
261.1021 	EXP 	window1: mouseVisible = False
261.1091 	EXP 	window1: mouseVisible = False
261.1155 	DATA 	Keypress: m
261.1158 	EXP 	window1: mouseVisible = False
261.1230 	EXP 	window1: mouseVisible = False
261.1299 	EXP 	window1: mouseVisible = False
261.1375 	EXP 	window1: mouseVisible = False
261.1435 	EXP 	window1: mouseVisible = False
261.1513 	EXP 	window1: mouseVisible = False
261.1590 	EXP 	window1: mouseVisible = False
261.1646 	EXP 	window1: mouseVisible = False
261.1719 	EXP 	window1: mouseVisible = False
261.1784 	EXP 	window1: mouseVisible = False
261.1855 	EXP 	window1: mouseVisible = False
261.1924 	EXP 	window1: mouseVisible = False
261.1994 	EXP 	window1: mouseVisible = False
261.2062 	EXP 	window1: mouseVisible = False
261.2133 	EXP 	window1: mouseVisible = False
261.2200 	EXP 	window1: mouseVisible = False
261.2271 	EXP 	window1: mouseVisible = False
261.2341 	EXP 	window1: mouseVisible = False
261.2409 	EXP 	window1: mouseVisible = False
261.2481 	EXP 	window1: mouseVisible = False
261.2551 	EXP 	window1: mouseVisible = False
261.2621 	EXP 	window1: mouseVisible = False
261.2693 	EXP 	window1: mouseVisible = False
261.2783 	EXP 	window1: mouseVisible = False
261.2830 	EXP 	window1: mouseVisible = False
261.2898 	EXP 	window1: mouseVisible = False
261.2982 	EXP 	window1: mouseVisible = False
261.3035 	EXP 	window1: mouseVisible = False
261.3105 	DATA 	Keypress: m
261.3107 	EXP 	window1: mouseVisible = False
261.3189 	EXP 	window1: mouseVisible = False
261.3243 	EXP 	window1: mouseVisible = False
261.3325 	EXP 	window1: mouseVisible = False
261.3383 	EXP 	window1: mouseVisible = False
261.3451 	EXP 	window1: mouseVisible = False
261.3521 	EXP 	window1: mouseVisible = False
261.3590 	EXP 	window1: mouseVisible = False
261.3664 	EXP 	window1: mouseVisible = False
261.3728 	EXP 	window1: mouseVisible = False
261.3798 	EXP 	window1: mouseVisible = False
261.3872 	EXP 	window1: mouseVisible = False
261.3938 	EXP 	window1: mouseVisible = False
261.4006 	EXP 	window1: mouseVisible = False
261.4082 	EXP 	window1: mouseVisible = False
261.4158 	EXP 	window1: mouseVisible = False
261.4228 	EXP 	window1: mouseVisible = False
261.4284 	EXP 	window1: mouseVisible = False
261.4354 	EXP 	window1: mouseVisible = False
261.4422 	EXP 	window1: mouseVisible = False
261.4494 	EXP 	window1: mouseVisible = False
261.4587 	EXP 	window1: mouseVisible = False
261.4628 	EXP 	window1: mouseVisible = False
261.4702 	EXP 	window1: mouseVisible = False
261.4771 	EXP 	window1: mouseVisible = False
261.4841 	EXP 	window1: mouseVisible = False
261.4910 	EXP 	window1: mouseVisible = False
261.4980 	EXP 	window1: mouseVisible = False
261.5050 	EXP 	window1: mouseVisible = False
261.5121 	EXP 	window1: mouseVisible = False
261.5189 	EXP 	window1: mouseVisible = False
261.5257 	EXP 	window1: mouseVisible = False
261.5329 	EXP 	window1: mouseVisible = False
261.5400 	EXP 	window1: mouseVisible = False
261.5473 	EXP 	window1: mouseVisible = False
261.5531 	EXP 	window1: mouseVisible = False
261.5600 	EXP 	window1: mouseVisible = False
261.5669 	EXP 	window1: mouseVisible = False
261.5743 	EXP 	window1: mouseVisible = False
261.5809 	EXP 	window1: mouseVisible = False
261.5881 	EXP 	window1: mouseVisible = False
261.5957 	EXP 	window1: mouseVisible = False
261.6021 	EXP 	window1: mouseVisible = False
261.6089 	EXP 	window1: mouseVisible = False
261.6161 	EXP 	window1: mouseVisible = False
261.6231 	EXP 	window1: mouseVisible = False
261.6299 	EXP 	window1: mouseVisible = False
261.6373 	EXP 	window1: mouseVisible = False
261.6444 	EXP 	window1: mouseVisible = False
261.6510 	EXP 	window1: mouseVisible = False
261.6578 	EXP 	window1: mouseVisible = False
261.6653 	EXP 	window1: mouseVisible = False
261.6717 	EXP 	window1: mouseVisible = False
261.6791 	EXP 	window1: mouseVisible = False
261.6856 	EXP 	window1: mouseVisible = False
261.6923 	DATA 	Keypress: m
261.6926 	EXP 	window1: mouseVisible = False
261.6995 	EXP 	window1: mouseVisible = False
261.7065 	EXP 	window1: mouseVisible = False
261.7132 	EXP 	window1: mouseVisible = False
261.7205 	EXP 	window1: mouseVisible = False
261.7275 	EXP 	window1: mouseVisible = False
261.7341 	EXP 	window1: mouseVisible = False
261.7408 	EXP 	window1: mouseVisible = False
261.7482 	EXP 	window1: mouseVisible = False
261.7554 	EXP 	window1: mouseVisible = False
261.7620 	EXP 	window1: mouseVisible = False
261.7691 	EXP 	window1: mouseVisible = False
261.7758 	EXP 	window1: mouseVisible = False
261.7826 	EXP 	window1: mouseVisible = False
261.7894 	EXP 	window1: mouseVisible = False
261.7966 	EXP 	window1: mouseVisible = False
261.8036 	EXP 	window1: mouseVisible = False
261.8105 	EXP 	window1: mouseVisible = False
261.8170 	EXP 	window1: mouseVisible = False
261.8243 	EXP 	window1: mouseVisible = False
261.8316 	EXP 	window1: mouseVisible = False
261.8386 	EXP 	window1: mouseVisible = False
261.8453 	EXP 	window1: mouseVisible = False
261.8526 	EXP 	window1: mouseVisible = False
261.8602 	EXP 	window1: mouseVisible = False
261.8662 	EXP 	window1: mouseVisible = False
261.8729 	EXP 	window1: mouseVisible = False
261.8800 	EXP 	window1: mouseVisible = False
261.8873 	EXP 	window1: mouseVisible = False
261.8949 	EXP 	window1: mouseVisible = False
261.9009 	EXP 	window1: mouseVisible = False
261.9076 	EXP 	window1: mouseVisible = False
261.9150 	EXP 	window1: mouseVisible = False
261.9217 	EXP 	window1: mouseVisible = False
261.9286 	EXP 	window1: mouseVisible = False
261.9352 	EXP 	window1: mouseVisible = False
261.9426 	EXP 	window1: mouseVisible = False
261.9494 	EXP 	window1: mouseVisible = False
261.9560 	EXP 	window1: mouseVisible = False
261.9632 	EXP 	window1: mouseVisible = False
261.9700 	EXP 	window1: mouseVisible = False
261.9771 	EXP 	window1: mouseVisible = False
261.9843 	EXP 	window1: mouseVisible = False
261.9908 	EXP 	window1: mouseVisible = False
261.9981 	EXP 	window1: mouseVisible = False
262.0053 	EXP 	window1: mouseVisible = False
262.0128 	EXP 	window1: mouseVisible = False
262.0190 	EXP 	window1: mouseVisible = False
262.0262 	EXP 	window1: mouseVisible = False
262.0333 	EXP 	window1: mouseVisible = False
262.0396 	DATA 	Keypress: m
262.0399 	EXP 	window1: mouseVisible = False
262.0469 	EXP 	window1: mouseVisible = False
262.0534 	EXP 	window1: mouseVisible = False
262.0608 	EXP 	window1: mouseVisible = False
262.0674 	EXP 	window1: mouseVisible = False
262.0744 	EXP 	window1: mouseVisible = False
262.0812 	EXP 	window1: mouseVisible = False
262.0881 	EXP 	window1: mouseVisible = False
262.0953 	EXP 	window1: mouseVisible = False
262.1019 	EXP 	window1: mouseVisible = False
262.1088 	EXP 	window1: mouseVisible = False
262.1160 	EXP 	window1: mouseVisible = False
262.1231 	EXP 	window1: mouseVisible = False
262.1297 	EXP 	window1: mouseVisible = False
262.1370 	EXP 	window1: mouseVisible = False
262.1444 	EXP 	window1: mouseVisible = False
262.1508 	EXP 	window1: mouseVisible = False
262.1577 	EXP 	window1: mouseVisible = False
262.1646 	EXP 	window1: mouseVisible = False
262.1714 	EXP 	window1: mouseVisible = False
262.1789 	EXP 	window1: mouseVisible = False
262.1854 	EXP 	window1: mouseVisible = False
262.1924 	EXP 	window1: mouseVisible = False
262.1991 	EXP 	window1: mouseVisible = False
262.2064 	EXP 	window1: mouseVisible = False
262.2136 	EXP 	window1: mouseVisible = False
262.2209 	EXP 	window1: mouseVisible = False
262.2271 	EXP 	window1: mouseVisible = False
262.2343 	EXP 	window1: mouseVisible = False
262.2415 	EXP 	window1: mouseVisible = False
262.2484 	EXP 	window1: mouseVisible = False
262.2552 	EXP 	window1: mouseVisible = False
262.2621 	EXP 	window1: mouseVisible = False
262.2687 	EXP 	window1: mouseVisible = False
262.2759 	EXP 	window1: mouseVisible = False
262.2823 	EXP 	window1: mouseVisible = False
262.2906 	EXP 	window1: mouseVisible = False
262.2967 	EXP 	window1: mouseVisible = False
262.3036 	EXP 	window1: mouseVisible = False
262.3107 	EXP 	window1: mouseVisible = False
262.3173 	EXP 	window1: mouseVisible = False
262.3243 	EXP 	window1: mouseVisible = False
262.3309 	EXP 	window1: mouseVisible = False
262.3383 	EXP 	window1: mouseVisible = False
262.3454 	EXP 	window1: mouseVisible = False
262.3527 	EXP 	window1: mouseVisible = False
262.3593 	EXP 	window1: mouseVisible = False
262.3666 	EXP 	window1: mouseVisible = False
262.3732 	EXP 	window1: mouseVisible = False
262.3807 	EXP 	window1: mouseVisible = False
262.3870 	EXP 	window1: mouseVisible = False
262.3937 	EXP 	window1: mouseVisible = False
262.4006 	EXP 	window1: mouseVisible = False
262.4075 	EXP 	window1: mouseVisible = False
262.4147 	EXP 	window1: mouseVisible = False
262.4219 	EXP 	window1: mouseVisible = False
262.4289 	EXP 	window1: mouseVisible = False
262.4354 	EXP 	window1: mouseVisible = False
262.4423 	EXP 	window1: mouseVisible = False
262.4494 	EXP 	window1: mouseVisible = False
262.4565 	EXP 	window1: mouseVisible = False
262.4637 	EXP 	window1: mouseVisible = False
262.4703 	EXP 	window1: mouseVisible = False
262.4777 	EXP 	window1: mouseVisible = False
262.4845 	EXP 	window1: mouseVisible = False
262.4903 	DATA 	Keypress: space
262.5907 	EXP 	New trial (rep=0, index=2): {'cue_': 'aigu', 'stimulus_': 'moderee', 'cue_fichier': 'stimuli/660Hz', 'stimulus_fichier': 'stimuli/moderee'}
262.7694 	EXP 	main_text: autoDraw = True
262.7694 	EXP 	confirm_text: autoDraw = True
262.7694 	EXP 	ratingScale: autoDraw = False
262.7694 	EXP 	main_text: autoDraw = False
262.7694 	EXP 	confirm_text: autoDraw = False
262.7694 	EXP 	pause: text = '+'
262.7694 	EXP 	pause: autoDraw = True
267.3722 	EXP 	Sound cue started
267.3723 	EXP 	pause: autoDraw = False
267.3723 	EXP 	pause: autoDraw = False
267.3723 	EXP 	Choice: text = 'Faible              Moyenne'
267.6684 	EXP 	Sound cue reached end of file
267.6697 	EXP 	window1: recordFrameIntervals = False
267.6709 	EXP 	window1: recordFrameIntervals = False
267.8168 	EXP 	Choice: autoDraw = True
268.7220 	EXP 	Created unnamed Rect = Rect(__class__=<class 'psychopy.visual.rect.Rect'>, anchor=('center', 'center'), autoDraw=False, autoLog=True, closeShape=True, color=method-wrapper(...), colorSpace='rgb', contrast=None, depth=0, fillColor=array([1, 1, 1]), fillColorSpace='rgb', fillRGB=array([1, 1, 1]), interpolate=True, lineColor=array([1, 1, 1]), lineColorSpace='rgb', lineRGB=array([1, 1, 1]), lineWidth=1.5, name='unnamed Rect', opacity=1.0, ori=0.0, pos=array([0., 0.]), size=array([0.01, 0.1 ]), units='norm', vertices=ndarray(...), win=Window(...))
268.7224 	EXP 	window1: mouseVisible = True
268.7394 	EXP 	Created ratingScale = RatingScale(__class__=type(...), acceptKeys=['return'], acceptPreText=UNKNOWN, acceptSize=UNKNOWN, acceptText=UNKNOWN, autoLog=True, choices=False, colorSpace='rgb', depth=0, disappear=False, flipVert=False, high=100, kwargs=UNKNOWN, labels=list(...), leftKeys=['left'], lineColor=(255, 255, 255), low=0, marker=Rect(...), markerColor=(255, 255, 255), markerExpansion=UNKNOWN, markerStart=0.5, maxTime=0.0, minTime=0.4, mouseOnly=False, name='ratingScale', noMouse=False, pos=[0.0, 0.0], precision=1, respKeys=[], rightKeys=['right'], scale=None, self=UNKNOWN, showAccept=False, showValue=False, singleClick=False, size=0.6, skipKeys=['tab'], stretch=2.0, textColor='white', textFont='Helvetica Bold', textSize=0.144, tickHeight=0, tickMarks=10.0, win=Window(...))
268.7395 	EXP 	RatingScale ratingScale: reset()
268.7409 	DATA 	Keypress: n
268.7411 	EXP 	window1: mouseVisible = False
268.7420 	EXP 	Choice: autoDraw = False
268.7420 	EXP 	ratingScale: flipVert = False
268.7420 	EXP 	unnamed Rect: fillColor = <psychopy.colors.Color: (255.0, 255.0, 255.0, 1.0)>
268.7420 	EXP 	ratingScale: autoLog = True
268.7420 	EXP 	unnamed Rect: fillColor = <psychopy.colors.Color: (255.0, 255.0, 255.0, 1.0)>
268.7431 	EXP 	window1: mouseVisible = False
268.7484 	EXP 	window1: mouseVisible = False
268.7552 	EXP 	window1: mouseVisible = False
268.7623 	EXP 	window1: mouseVisible = False
268.7692 	EXP 	window1: mouseVisible = False
268.7763 	EXP 	window1: mouseVisible = False
268.7831 	EXP 	window1: mouseVisible = False
268.7904 	EXP 	window1: mouseVisible = False
268.7975 	EXP 	window1: mouseVisible = False
268.8045 	EXP 	window1: mouseVisible = False
268.8117 	EXP 	window1: mouseVisible = False
268.8190 	EXP 	window1: mouseVisible = False
268.8253 	EXP 	window1: mouseVisible = False
268.8327 	EXP 	window1: mouseVisible = False
268.8395 	EXP 	window1: mouseVisible = False
268.8462 	EXP 	window1: mouseVisible = False
268.8532 	EXP 	window1: mouseVisible = False
268.8604 	EXP 	window1: mouseVisible = False
268.8671 	EXP 	window1: mouseVisible = False
268.8740 	EXP 	window1: mouseVisible = False
268.8809 	EXP 	window1: mouseVisible = False
268.8881 	EXP 	window1: mouseVisible = False
268.8948 	EXP 	window1: mouseVisible = False
268.9020 	EXP 	window1: mouseVisible = False
268.9091 	EXP 	window1: mouseVisible = False
268.9157 	EXP 	window1: mouseVisible = False
268.9227 	EXP 	window1: mouseVisible = False
268.9298 	EXP 	window1: mouseVisible = False
268.9367 	EXP 	window1: mouseVisible = False
268.9434 	EXP 	window1: mouseVisible = False
268.9500 	EXP 	window1: mouseVisible = False
268.9575 	EXP 	window1: mouseVisible = False
268.9645 	EXP 	window1: mouseVisible = False
268.9713 	EXP 	window1: mouseVisible = False
268.9783 	EXP 	window1: mouseVisible = False
268.9850 	EXP 	window1: mouseVisible = False
268.9926 	EXP 	window1: mouseVisible = False
268.9991 	EXP 	window1: mouseVisible = False
269.0056 	EXP 	window1: mouseVisible = False
269.0128 	EXP 	window1: mouseVisible = False
269.0200 	EXP 	window1: mouseVisible = False
269.0273 	EXP 	window1: mouseVisible = False
269.0337 	EXP 	window1: mouseVisible = False
269.0409 	EXP 	window1: mouseVisible = False
269.0479 	EXP 	window1: mouseVisible = False
269.0547 	EXP 	window1: mouseVisible = False
269.0615 	EXP 	window1: mouseVisible = False
269.0685 	EXP 	window1: mouseVisible = False
269.0756 	EXP 	window1: mouseVisible = False
269.0829 	EXP 	window1: mouseVisible = False
269.0893 	EXP 	window1: mouseVisible = False
269.0963 	EXP 	window1: mouseVisible = False
269.1038 	EXP 	window1: mouseVisible = False
269.1104 	EXP 	window1: mouseVisible = False
269.1170 	EXP 	window1: mouseVisible = False
269.1240 	EXP 	window1: mouseVisible = False
269.1315 	EXP 	window1: mouseVisible = False
269.1384 	EXP 	window1: mouseVisible = False
269.1452 	EXP 	window1: mouseVisible = False
269.1520 	EXP 	window1: mouseVisible = False
269.1592 	EXP 	window1: mouseVisible = False
269.1661 	EXP 	window1: mouseVisible = False
269.1726 	EXP 	window1: mouseVisible = False
269.1795 	EXP 	window1: mouseVisible = False
269.1871 	EXP 	window1: mouseVisible = False
269.1937 	EXP 	window1: mouseVisible = False
269.2007 	EXP 	window1: mouseVisible = False
269.2077 	EXP 	window1: mouseVisible = False
269.2144 	EXP 	window1: mouseVisible = False
269.2212 	EXP 	window1: mouseVisible = False
269.2280 	EXP 	window1: mouseVisible = False
269.2353 	EXP 	window1: mouseVisible = False
269.2423 	EXP 	window1: mouseVisible = False
269.2496 	EXP 	window1: mouseVisible = False
269.2564 	EXP 	window1: mouseVisible = False
269.2630 	EXP 	window1: mouseVisible = False
269.2703 	EXP 	window1: mouseVisible = False
269.2774 	EXP 	window1: mouseVisible = False
269.2839 	EXP 	window1: mouseVisible = False
269.2910 	EXP 	window1: mouseVisible = False
269.2982 	EXP 	window1: mouseVisible = False
269.3045 	EXP 	window1: mouseVisible = False
269.3112 	EXP 	window1: mouseVisible = False
269.3183 	EXP 	window1: mouseVisible = False
269.3254 	EXP 	window1: mouseVisible = False
269.3326 	EXP 	window1: mouseVisible = False
269.3394 	EXP 	window1: mouseVisible = False
269.3461 	EXP 	window1: mouseVisible = False
269.3562 	EXP 	window1: mouseVisible = False
269.3596 	EXP 	window1: mouseVisible = False
269.3672 	EXP 	window1: mouseVisible = False
269.3751 	EXP 	window1: mouseVisible = False
269.3813 	EXP 	window1: mouseVisible = False
269.3886 	EXP 	window1: mouseVisible = False
269.3957 	EXP 	window1: mouseVisible = False
269.4019 	EXP 	window1: mouseVisible = False
269.4085 	EXP 	window1: mouseVisible = False
269.4161 	EXP 	window1: mouseVisible = False
269.4227 	EXP 	window1: mouseVisible = False
269.4296 	EXP 	window1: mouseVisible = False
269.4364 	EXP 	window1: mouseVisible = False
269.4434 	EXP 	window1: mouseVisible = False
269.4501 	DATA 	Keypress: n
269.4504 	EXP 	window1: mouseVisible = False
269.4573 	EXP 	window1: mouseVisible = False
269.4642 	EXP 	window1: mouseVisible = False
269.4713 	EXP 	window1: mouseVisible = False
269.4782 	EXP 	window1: mouseVisible = False
269.4849 	EXP 	window1: mouseVisible = False
269.4923 	EXP 	window1: mouseVisible = False
269.4991 	EXP 	window1: mouseVisible = False
269.5061 	EXP 	window1: mouseVisible = False
269.5131 	EXP 	window1: mouseVisible = False
269.5198 	EXP 	window1: mouseVisible = False
269.5273 	EXP 	window1: mouseVisible = False
269.5339 	EXP 	window1: mouseVisible = False
269.5418 	EXP 	window1: mouseVisible = False
269.5474 	EXP 	window1: mouseVisible = False
269.5561 	EXP 	window1: mouseVisible = False
269.5615 	EXP 	window1: mouseVisible = False
269.5682 	EXP 	window1: mouseVisible = False
269.5766 	EXP 	window1: mouseVisible = False
269.5822 	EXP 	window1: mouseVisible = False
269.5894 	EXP 	window1: mouseVisible = False
269.5961 	EXP 	window1: mouseVisible = False
269.6033 	EXP 	window1: mouseVisible = False
269.6106 	EXP 	window1: mouseVisible = False
269.6173 	EXP 	window1: mouseVisible = False
269.6243 	EXP 	window1: mouseVisible = False
269.6311 	EXP 	window1: mouseVisible = False
269.6382 	EXP 	window1: mouseVisible = False
269.6454 	EXP 	window1: mouseVisible = False
269.6521 	EXP 	window1: mouseVisible = False
269.6590 	EXP 	window1: mouseVisible = False
269.6658 	EXP 	window1: mouseVisible = False
269.6730 	EXP 	window1: mouseVisible = False
269.6797 	EXP 	window1: mouseVisible = False
269.6867 	EXP 	window1: mouseVisible = False
269.6937 	EXP 	window1: mouseVisible = False
269.7005 	EXP 	window1: mouseVisible = False
269.7080 	EXP 	window1: mouseVisible = False
269.7184 	EXP 	window1: mouseVisible = False
269.7214 	EXP 	window1: mouseVisible = False
269.7281 	EXP 	window1: mouseVisible = False
269.7351 	EXP 	window1: mouseVisible = False
269.7419 	EXP 	window1: mouseVisible = False
269.7490 	EXP 	window1: mouseVisible = False
269.7561 	EXP 	window1: mouseVisible = False
269.7628 	EXP 	window1: mouseVisible = False
269.7697 	EXP 	window1: mouseVisible = False
269.7772 	EXP 	window1: mouseVisible = False
269.7838 	EXP 	window1: mouseVisible = False
269.7906 	EXP 	window1: mouseVisible = False
269.7978 	EXP 	window1: mouseVisible = False
269.8049 	EXP 	window1: mouseVisible = False
269.8116 	EXP 	window1: mouseVisible = False
269.8183 	EXP 	window1: mouseVisible = False
269.8255 	EXP 	window1: mouseVisible = False
269.8326 	EXP 	window1: mouseVisible = False
269.8393 	EXP 	window1: mouseVisible = False
269.8463 	EXP 	window1: mouseVisible = False
269.8532 	EXP 	window1: mouseVisible = False
269.8599 	DATA 	Keypress: n
269.8602 	EXP 	window1: mouseVisible = False
269.8668 	EXP 	window1: mouseVisible = False
269.8747 	EXP 	window1: mouseVisible = False
269.8811 	EXP 	window1: mouseVisible = False
269.8882 	EXP 	window1: mouseVisible = False
269.8959 	EXP 	window1: mouseVisible = False
269.9021 	EXP 	window1: mouseVisible = False
269.9101 	EXP 	window1: mouseVisible = False
269.9162 	EXP 	window1: mouseVisible = False
269.9230 	EXP 	window1: mouseVisible = False
269.9299 	EXP 	window1: mouseVisible = False
269.9367 	EXP 	window1: mouseVisible = False
269.9438 	EXP 	window1: mouseVisible = False
269.9502 	EXP 	window1: mouseVisible = False
269.9574 	EXP 	window1: mouseVisible = False
269.9646 	EXP 	window1: mouseVisible = False
269.9711 	EXP 	window1: mouseVisible = False
269.9779 	EXP 	window1: mouseVisible = False
269.9850 	EXP 	window1: mouseVisible = False
269.9923 	EXP 	window1: mouseVisible = False
269.9990 	EXP 	window1: mouseVisible = False
270.0061 	EXP 	window1: mouseVisible = False
270.0134 	EXP 	window1: mouseVisible = False
270.0199 	EXP 	window1: mouseVisible = False
270.0269 	EXP 	window1: mouseVisible = False
270.0341 	EXP 	window1: mouseVisible = False
270.0411 	EXP 	window1: mouseVisible = False
270.0479 	EXP 	window1: mouseVisible = False
270.0547 	EXP 	window1: mouseVisible = False
270.0615 	EXP 	window1: mouseVisible = False
270.0683 	DATA 	Keypress: n
270.0686 	EXP 	window1: mouseVisible = False
270.0758 	EXP 	window1: mouseVisible = False
270.0835 	EXP 	window1: mouseVisible = False
270.0896 	EXP 	window1: mouseVisible = False
270.0970 	EXP 	window1: mouseVisible = False
270.1031 	EXP 	window1: mouseVisible = False
270.1105 	EXP 	window1: mouseVisible = False
270.1178 	EXP 	window1: mouseVisible = False
270.1242 	EXP 	window1: mouseVisible = False
270.1313 	EXP 	window1: mouseVisible = False
270.1384 	EXP 	window1: mouseVisible = False
270.1451 	EXP 	window1: mouseVisible = False
270.1520 	EXP 	window1: mouseVisible = False
270.1589 	EXP 	window1: mouseVisible = False
270.1658 	EXP 	window1: mouseVisible = False
270.1732 	EXP 	window1: mouseVisible = False
270.1801 	EXP 	window1: mouseVisible = False
270.1869 	EXP 	window1: mouseVisible = False
270.1934 	EXP 	window1: mouseVisible = False
270.2010 	EXP 	window1: mouseVisible = False
270.2072 	EXP 	window1: mouseVisible = False
270.2147 	EXP 	window1: mouseVisible = False
270.2220 	EXP 	window1: mouseVisible = False
270.2287 	EXP 	window1: mouseVisible = False
270.2360 	EXP 	window1: mouseVisible = False
270.2429 	EXP 	window1: mouseVisible = False
270.2490 	EXP 	window1: mouseVisible = False
270.2561 	EXP 	window1: mouseVisible = False
270.2628 	EXP 	window1: mouseVisible = False
270.2700 	EXP 	window1: mouseVisible = False
270.2766 	EXP 	window1: mouseVisible = False
270.2839 	EXP 	window1: mouseVisible = False
270.2910 	EXP 	window1: mouseVisible = False
270.2977 	EXP 	window1: mouseVisible = False
270.3049 	EXP 	window1: mouseVisible = False
270.3116 	EXP 	window1: mouseVisible = False
270.3190 	EXP 	window1: mouseVisible = False
270.3255 	EXP 	window1: mouseVisible = False
270.3319 	EXP 	window1: mouseVisible = False
270.3391 	EXP 	window1: mouseVisible = False
270.3464 	EXP 	window1: mouseVisible = False
270.3532 	EXP 	window1: mouseVisible = False
270.3604 	EXP 	window1: mouseVisible = False
270.3685 	EXP 	window1: mouseVisible = False
270.3739 	EXP 	window1: mouseVisible = False
270.3812 	EXP 	window1: mouseVisible = False
270.3886 	EXP 	window1: mouseVisible = False
270.3957 	EXP 	window1: mouseVisible = False
270.4022 	EXP 	window1: mouseVisible = False
270.4090 	EXP 	window1: mouseVisible = False
270.4157 	EXP 	window1: mouseVisible = False
270.4227 	EXP 	window1: mouseVisible = False
270.4302 	EXP 	window1: mouseVisible = False
270.4374 	EXP 	window1: mouseVisible = False
270.4430 	DATA 	Keypress: space
270.5433 	EXP 	New trial (rep=0, index=3): {'cue_': 'grave', 'stimulus_': 'moderee', 'cue_fichier': 'stimuli/330Hz', 'stimulus_fichier': 'stimuli/moderee'}
270.7786 	EXP 	main_text: autoDraw = True
270.7786 	EXP 	confirm_text: autoDraw = True
270.7786 	EXP 	ratingScale: autoDraw = False
270.7786 	EXP 	main_text: autoDraw = False
270.7786 	EXP 	confirm_text: autoDraw = False
270.7786 	EXP 	pause: text = '+'
270.7786 	EXP 	pause: autoDraw = True
274.8801 	EXP 	Sound cue started
274.8803 	EXP 	pause: autoDraw = False
274.8803 	EXP 	pause: autoDraw = False
274.8803 	EXP 	Choice: text = 'Faible              Moyenne'
275.1715 	EXP 	Sound cue reached end of file
275.1732 	EXP 	window1: recordFrameIntervals = False
275.1792 	EXP 	window1: recordFrameIntervals = False
275.3187 	EXP 	Choice: autoDraw = True
276.0701 	EXP 	Created unnamed Rect = Rect(__class__=<class 'psychopy.visual.rect.Rect'>, anchor=('center', 'center'), autoDraw=False, autoLog=True, closeShape=True, color=method-wrapper(...), colorSpace='rgb', contrast=None, depth=0, fillColor=array([1, 1, 1]), fillColorSpace='rgb', fillRGB=array([1, 1, 1]), interpolate=True, lineColor=array([1, 1, 1]), lineColorSpace='rgb', lineRGB=array([1, 1, 1]), lineWidth=1.5, name='unnamed Rect', opacity=1.0, ori=0.0, pos=array([0., 0.]), size=array([0.01, 0.1 ]), units='norm', vertices=ndarray(...), win=Window(...))
276.0707 	EXP 	window1: mouseVisible = True
276.0868 	EXP 	Created ratingScale = RatingScale(__class__=type(...), acceptKeys=['return'], acceptPreText=UNKNOWN, acceptSize=UNKNOWN, acceptText=UNKNOWN, autoLog=True, choices=False, colorSpace='rgb', depth=0, disappear=False, flipVert=False, high=100, kwargs=UNKNOWN, labels=list(...), leftKeys=['left'], lineColor=(255, 255, 255), low=0, marker=Rect(...), markerColor=(255, 255, 255), markerExpansion=UNKNOWN, markerStart=0.5, maxTime=0.0, minTime=0.4, mouseOnly=False, name='ratingScale', noMouse=False, pos=[0.0, 0.0], precision=1, respKeys=[], rightKeys=['right'], scale=None, self=UNKNOWN, showAccept=False, showValue=False, singleClick=False, size=0.6, skipKeys=['tab'], stretch=2.0, textColor='white', textFont='Helvetica Bold', textSize=0.144, tickHeight=0, tickMarks=10.0, win=Window(...))
276.0870 	EXP 	RatingScale ratingScale: reset()
276.0881 	DATA 	Keypress: n
276.0885 	EXP 	window1: mouseVisible = False
276.0908 	EXP 	Choice: autoDraw = False
276.0908 	EXP 	ratingScale: flipVert = False
276.0908 	EXP 	unnamed Rect: fillColor = <psychopy.colors.Color: (255.0, 255.0, 255.0, 1.0)>
276.0908 	EXP 	ratingScale: autoLog = True
276.0908 	EXP 	unnamed Rect: fillColor = <psychopy.colors.Color: (255.0, 255.0, 255.0, 1.0)>
276.0918 	EXP 	window1: mouseVisible = False
276.0969 	EXP 	window1: mouseVisible = False
276.1039 	EXP 	window1: mouseVisible = False
276.1109 	EXP 	window1: mouseVisible = False
276.1178 	EXP 	window1: mouseVisible = False
276.1257 	EXP 	window1: mouseVisible = False
276.1317 	EXP 	window1: mouseVisible = False
276.1387 	EXP 	window1: mouseVisible = False
276.1455 	EXP 	window1: mouseVisible = False
276.1541 	EXP 	window1: mouseVisible = False
276.1596 	EXP 	window1: mouseVisible = False
276.1665 	EXP 	window1: mouseVisible = False
276.1735 	EXP 	window1: mouseVisible = False
276.1803 	EXP 	window1: mouseVisible = False
276.1875 	EXP 	window1: mouseVisible = False
276.1944 	EXP 	window1: mouseVisible = False
276.2012 	EXP 	window1: mouseVisible = False
276.2081 	EXP 	window1: mouseVisible = False
276.2153 	EXP 	window1: mouseVisible = False
276.2220 	EXP 	window1: mouseVisible = False
276.2288 	EXP 	window1: mouseVisible = False
276.2360 	EXP 	window1: mouseVisible = False
276.2430 	EXP 	window1: mouseVisible = False
276.2498 	EXP 	window1: mouseVisible = False
276.2567 	EXP 	window1: mouseVisible = False
276.2635 	EXP 	window1: mouseVisible = False
276.2706 	EXP 	window1: mouseVisible = False
276.2775 	EXP 	window1: mouseVisible = False
276.2847 	EXP 	window1: mouseVisible = False
276.2915 	EXP 	window1: mouseVisible = False
276.2983 	EXP 	window1: mouseVisible = False
276.3053 	EXP 	window1: mouseVisible = False
276.3138 	EXP 	window1: mouseVisible = False
276.3191 	EXP 	window1: mouseVisible = False
276.3261 	EXP 	window1: mouseVisible = False
276.3331 	EXP 	window1: mouseVisible = False
276.3402 	EXP 	window1: mouseVisible = False
276.3471 	EXP 	window1: mouseVisible = False
276.3539 	EXP 	window1: mouseVisible = False
276.3609 	EXP 	window1: mouseVisible = False
276.3683 	EXP 	window1: mouseVisible = False
276.3754 	EXP 	window1: mouseVisible = False
276.3827 	EXP 	window1: mouseVisible = False
276.3891 	EXP 	window1: mouseVisible = False
276.3964 	EXP 	window1: mouseVisible = False
276.4031 	EXP 	window1: mouseVisible = False
276.4103 	EXP 	window1: mouseVisible = False
276.4174 	EXP 	window1: mouseVisible = False
276.4235 	EXP 	window1: mouseVisible = False
276.4311 	EXP 	window1: mouseVisible = False
276.4378 	EXP 	window1: mouseVisible = False
276.4452 	EXP 	window1: mouseVisible = False
276.4537 	EXP 	window1: mouseVisible = False
276.4581 	EXP 	window1: mouseVisible = False
276.4651 	EXP 	window1: mouseVisible = False
276.4720 	EXP 	window1: mouseVisible = False
276.4793 	EXP 	window1: mouseVisible = False
276.4868 	EXP 	window1: mouseVisible = False
276.4937 	EXP 	window1: mouseVisible = False
276.5002 	EXP 	window1: mouseVisible = False
276.5072 	EXP 	window1: mouseVisible = False
276.5140 	EXP 	window1: mouseVisible = False
276.5211 	DATA 	Keypress: n
276.5214 	EXP 	window1: mouseVisible = False
276.5277 	EXP 	window1: mouseVisible = False
276.5348 	EXP 	window1: mouseVisible = False
276.5415 	EXP 	window1: mouseVisible = False
276.5481 	EXP 	window1: mouseVisible = False
276.5555 	EXP 	window1: mouseVisible = False
276.5626 	EXP 	window1: mouseVisible = False
276.5693 	EXP 	window1: mouseVisible = False
276.5769 	EXP 	window1: mouseVisible = False
276.5834 	EXP 	window1: mouseVisible = False
276.5901 	EXP 	window1: mouseVisible = False
276.5969 	EXP 	window1: mouseVisible = False
276.6038 	EXP 	window1: mouseVisible = False
276.6109 	EXP 	window1: mouseVisible = False
276.6178 	EXP 	window1: mouseVisible = False
276.6251 	EXP 	window1: mouseVisible = False
276.6316 	EXP 	window1: mouseVisible = False
276.6387 	EXP 	window1: mouseVisible = False
276.6461 	EXP 	window1: mouseVisible = False
276.6532 	EXP 	window1: mouseVisible = False
276.6602 	EXP 	window1: mouseVisible = False
276.6665 	EXP 	window1: mouseVisible = False
276.6735 	EXP 	window1: mouseVisible = False
276.6811 	EXP 	window1: mouseVisible = False
276.6880 	EXP 	window1: mouseVisible = False
276.6945 	EXP 	window1: mouseVisible = False
276.7018 	EXP 	window1: mouseVisible = False
276.7084 	EXP 	window1: mouseVisible = False
276.7153 	EXP 	window1: mouseVisible = False
276.7219 	EXP 	window1: mouseVisible = False
276.7288 	EXP 	window1: mouseVisible = False
276.7358 	EXP 	window1: mouseVisible = False
276.7431 	EXP 	window1: mouseVisible = False
276.7506 	EXP 	window1: mouseVisible = False
276.7576 	EXP 	window1: mouseVisible = False
276.7648 	DATA 	Keypress: n
276.7654 	EXP 	window1: mouseVisible = False
276.7710 	EXP 	window1: mouseVisible = False
276.7777 	EXP 	window1: mouseVisible = False
276.7846 	EXP 	window1: mouseVisible = False
276.7919 	EXP 	window1: mouseVisible = False
276.7993 	EXP 	window1: mouseVisible = False
276.8059 	EXP 	window1: mouseVisible = False
276.8128 	EXP 	window1: mouseVisible = False
276.8197 	EXP 	window1: mouseVisible = False
276.8265 	EXP 	window1: mouseVisible = False
276.8333 	EXP 	window1: mouseVisible = False
276.8405 	EXP 	window1: mouseVisible = False
276.8471 	EXP 	window1: mouseVisible = False
276.8540 	EXP 	window1: mouseVisible = False
276.8613 	EXP 	window1: mouseVisible = False
276.8681 	EXP 	window1: mouseVisible = False
276.8753 	EXP 	window1: mouseVisible = False
276.8822 	EXP 	window1: mouseVisible = False
276.8895 	EXP 	window1: mouseVisible = False
276.8964 	EXP 	window1: mouseVisible = False
276.9030 	EXP 	window1: mouseVisible = False
276.9099 	EXP 	window1: mouseVisible = False
276.9167 	EXP 	window1: mouseVisible = False
276.9243 	EXP 	window1: mouseVisible = False
276.9313 	EXP 	window1: mouseVisible = False
276.9376 	EXP 	window1: mouseVisible = False
276.9448 	EXP 	window1: mouseVisible = False
276.9521 	EXP 	window1: mouseVisible = False
276.9588 	EXP 	window1: mouseVisible = False
276.9656 	EXP 	window1: mouseVisible = False
276.9726 	EXP 	window1: mouseVisible = False
276.9799 	EXP 	window1: mouseVisible = False
276.9864 	EXP 	window1: mouseVisible = False
276.9935 	EXP 	window1: mouseVisible = False
277.0001 	EXP 	window1: mouseVisible = False
277.0076 	EXP 	window1: mouseVisible = False
277.0143 	EXP 	window1: mouseVisible = False
277.0215 	EXP 	window1: mouseVisible = False
277.0275 	EXP 	window1: mouseVisible = False
277.0351 	EXP 	window1: mouseVisible = False
277.0416 	EXP 	window1: mouseVisible = False
277.0486 	EXP 	window1: mouseVisible = False
277.0560 	EXP 	window1: mouseVisible = False
277.0625 	EXP 	window1: mouseVisible = False
277.0692 	EXP 	window1: mouseVisible = False
277.0762 	EXP 	window1: mouseVisible = False
277.0831 	EXP 	window1: mouseVisible = False
277.0900 	EXP 	window1: mouseVisible = False
277.0970 	EXP 	window1: mouseVisible = False
277.1039 	EXP 	window1: mouseVisible = False
277.1116 	EXP 	window1: mouseVisible = False
277.1180 	EXP 	window1: mouseVisible = False
277.1254 	EXP 	window1: mouseVisible = False
277.1326 	EXP 	window1: mouseVisible = False
277.1392 	EXP 	window1: mouseVisible = False
277.1467 	EXP 	window1: mouseVisible = False
277.1531 	EXP 	window1: mouseVisible = False
277.1604 	EXP 	window1: mouseVisible = False
277.1674 	EXP 	window1: mouseVisible = False
277.1742 	EXP 	window1: mouseVisible = False
277.1809 	EXP 	window1: mouseVisible = False
277.1880 	EXP 	window1: mouseVisible = False
277.1946 	EXP 	window1: mouseVisible = False
277.2004 	DATA 	Keypress: space
277.3018 	EXP 	main_text: autoDraw = True
277.3018 	EXP 	confirm_text: autoDraw = True
277.3018 	EXP 	ratingScale: autoDraw = False
277.3018 	EXP 	main_text: autoDraw = False
277.3018 	EXP 	confirm_text: autoDraw = False
277.3018 	EXP 	text: autoDraw = True
280.9593 	DATA 	Keypress: escape
281.7830 	EXP 	window1: mouseVisible = True
