4.9843 	WARNING 	User requested fullscreen with size [1360  768], but screen is actually [1920, 1080]. Using actual size
5.2659 	EXP 	Created window1 = Window(allowGUI=True, allowStencil=False, autoLog=True, backendConf=UNKNOWN, bitsMode=UNKNOWN, blendMode='avg', bpc=(8, 8, 8), color=array([0, 0, 0]), colorSpace='rgb', depthBits=8, fullscr=<method-wrapper '__getattribute__' of attributeSetter object at 0x000002843AFB1520>, gamma=None, gammaErrorPolicy='raise', lms=UNKNOWN, monitor=<psychopy.monitors.calibTools.Monitor object at 0x000002843CE7E3A0>, multiSample=False, name='window1', numSamples=2, pos=(0, 0), screen=0, size=array([1920, 1080]), stencilBits=0, stereo=False, units='height', useFBO=True, useRetina=False, viewOri=0.0, viewPos=None, viewScale=None, waitBlanking=True, winType='pyglet')
5.2660 	EXP 	window1: mouseVisible = True
5.2660 	EXP 	window1: mouseVisible = True
5.2660 	EXP 	window1: Attempting to measure frame rate of screen (0) ...
5.2660 	EXP 	window1: recordFrameIntervals = False
5.3347 	EXP 	window1: recordFrameIntervals = True
5.4118 	EXP 	Screen (0) actual frame rate measured at 142.84Hz
5.4118 	EXP 	window1: recordFrameIntervals = False
6.3318 	EXP 	Created textwelcome = TextStim(__class__=<class 'psychopy.visual.text.TextStim'>, alignHoriz=method-wrapper(...), alignText='center', alignVert=method-wrapper(...), anchorHoriz='center', anchorVert='center', antialias=True, autoDraw=False, autoLog=True, bold=False, color=array([1, 1, 1]), colorSpace='rgb', contrast=1.0, depth=0.0, flipHoriz=False, flipVert=False, font='Open Sans', fontFiles=[], height=0.05, italic=False, languageStyle='LTR', name='textwelcome', opacity=1.0, ori=0, pos=array([0., 0.]), rgb=UNKNOWN, text=str(...), units='height', win=Window(...), wrapWidth=1)
20.8704 	EXP 	Created text_5 = TextStim(__class__=<class 'psychopy.visual.text.TextStim'>, alignHoriz=method-wrapper(...), alignText='center', alignVert=method-wrapper(...), anchorHoriz='center', anchorVert='center', antialias=True, autoDraw=False, autoLog=True, bold=False, color=array([1, 1, 1]), colorSpace='rgb', contrast=1.0, depth=0.0, flipHoriz=False, flipVert=False, font='Open Sans', fontFiles=[], height=0.032, italic=False, languageStyle='LTR', name='text_5', opacity=1.0, ori=0, pos=array([0., 0.]), rgb=UNKNOWN, text=str(...), units='height', win=Window(...), wrapWidth=1.3)
20.8835 	EXP 	Created text = TextStim(__class__=<class 'psychopy.visual.text.TextStim'>, alignHoriz=method-wrapper(...), alignText='center', alignVert=method-wrapper(...), anchorHoriz='center', anchorVert='center', antialias=True, autoDraw=False, autoLog=True, bold=False, color=array([1, 1, 1]), colorSpace='rgb', contrast=1.0, depth=0.0, flipHoriz=False, flipVert=False, font='Arial', fontFiles=[], height=0.05, italic=False, languageStyle='LTR', name='text', opacity=1.0, ori=0, pos=array([0., 0.]), rgb=UNKNOWN, text=str(...), units='height', win=Window(...), wrapWidth=1)
20.8838 	DEPRECATION 	'1.0000, 1.0000, 1.0000' is not a valid rgb color
20.8843 	EXP 	Created text_7 = TextStim(__class__=<class 'psychopy.visual.text.TextStim'>, alignHoriz=method-wrapper(...), alignText='center', alignVert=method-wrapper(...), anchorHoriz='center', anchorVert='center', antialias=True, autoDraw=False, autoLog=True, bold=False, color=array([0, 0, 0]), colorSpace='rgb', contrast=1.0, depth=0.0, flipHoriz=False, flipVert=False, font='Arial', fontFiles=[], height=0.1, italic=False, languageStyle='LTR', name='text_7', opacity=0.0, ori=0, pos=array([0., 0.]), rgb=UNKNOWN, text='', units='height', win=Window(...), wrapWidth=1)
20.8946 	EXP 	Created text_12 = TextStim(__class__=<class 'psychopy.visual.text.TextStim'>, alignHoriz=method-wrapper(...), alignText='center', alignVert=method-wrapper(...), anchorHoriz='center', anchorVert='center', antialias=True, autoDraw=False, autoLog=True, bold=False, color=array([1, 1, 1]), colorSpace='rgb', contrast=1.0, depth=0.0, flipHoriz=False, flipVert=False, font='Arial', fontFiles=[], height=0.1, italic=False, languageStyle='LTR', name='text_12', opacity=1.0, ori=0, pos=array([0., 0.]), rgb=UNKNOWN, text=str(...), units='height', win=Window(...), wrapWidth=1)
20.8949 	EXP 	Created text_3 = TextStim(__class__=<class 'psychopy.visual.text.TextStim'>, alignHoriz=method-wrapper(...), alignText='center', alignVert=method-wrapper(...), anchorHoriz='center', anchorVert='center', antialias=True, autoDraw=False, autoLog=True, bold=False, color=array([1, 1, 1]), colorSpace='rgb', contrast=1.0, depth=0.0, flipHoriz=False, flipVert=False, font='Arial', fontFiles=[], height=0.05, italic=False, languageStyle='LTR', name='text_3', opacity=1.0, ori=0, pos=array([0., 0.]), rgb=UNKNOWN, text='', units='height', win=Window(...), wrapWidth=1)
20.8953 	EXP 	Created text_4 = TextStim(__class__=<class 'psychopy.visual.text.TextStim'>, alignHoriz=method-wrapper(...), alignText='center', alignVert=method-wrapper(...), anchorHoriz='center', anchorVert='center', antialias=True, autoDraw=False, autoLog=True, bold=False, color=array([1, 1, 1]), colorSpace='rgb', contrast=1.0, depth=0.0, flipHoriz=False, flipVert=False, font='Arial', fontFiles=[], height=0.1, italic=False, languageStyle='LTR', name='text_4', opacity=1.0, ori=0, pos=array([0., 0.]), rgb=UNKNOWN, text='', units='height', win=Window(...), wrapWidth=1)
20.8971 	EXP 	window1: mouseVisible = True
20.8983 	DEPRECATION 	RatingScale: custom marker has no draw() method
20.9057 	EXP 	Created ratingScale = RatingScale(__class__=type(...), acceptKeys=['return'], acceptPreText=UNKNOWN, acceptSize=UNKNOWN, acceptText=UNKNOWN, autoLog=True, choices=False, colorSpace='rgb', depth=0, disappear=False, flipVert=False, high=100, kwargs=UNKNOWN, labels=[], leftKeys=['left'], lineColor=(255, 255, 255), low=0, marker=ShapeStim(...), markerColor=(255, 255, 255), markerExpansion=UNKNOWN, markerStart=0.5, maxTime=0.0, minTime=0.4, mouseOnly=False, name='ratingScale', noMouse=False, pos=[0.0, 0.0], precision=100, respKeys=[], rightKeys=['right'], scale=None, self=UNKNOWN, showAccept=False, showValue=False, singleClick=False, size=0.6, skipKeys=['tab'], stretch=2.0, textColor=(255, 255, 255), textFont='Helvetica Bold', textSize=0.144, tickHeight=1, tickMarks=10.0, win=Window(...))
20.9162 	EXP 	Created main_text = TextStim(__class__=<class 'psychopy.visual.text.TextStim'>, alignHoriz=method-wrapper(...), alignText='center', alignVert=method-wrapper(...), anchorHoriz='center', anchorVert='center', antialias=True, autoDraw=False, autoLog=True, bold=False, color=array([1, 1, 1]), colorSpace='rgb', contrast=1.0, depth=-2.0, flipHoriz=False, flipVert=False, font='Arial', fontFiles=[], height=0.07, italic=False, languageStyle='LTR', name='main_text', opacity=1.0, ori=0, pos=array([0. , 0.4]), rgb=UNKNOWN, text=str(...), units='height', win=Window(...), wrapWidth=1)
20.9225 	EXP 	Created confirm_text = TextStim(__class__=<class 'psychopy.visual.text.TextStim'>, alignHoriz=method-wrapper(...), alignText='center', alignVert=method-wrapper(...), anchorHoriz='center', anchorVert='center', antialias=True, autoDraw=False, autoLog=True, bold=False, color=array([1, 1, 1]), colorSpace='rgb', contrast=1.0, depth=-3.0, flipHoriz=False, flipVert=False, font='Arial', fontFiles=[], height=0.05, italic=False, languageStyle='LTR', name='confirm_text', opacity=1.0, ori=0, pos=array([ 0. , -0.2]), rgb=UNKNOWN, text='Appuyer sur ESPACE pour poursuivre.', units='height', win=Window(...), wrapWidth=1)
20.9338 	EXP 	Created text_2 = TextStim(__class__=<class 'psychopy.visual.text.TextStim'>, alignHoriz=method-wrapper(...), alignText='center', alignVert=method-wrapper(...), anchorHoriz='center', anchorVert='center', antialias=True, autoDraw=False, autoLog=True, bold=False, color=array([1, 1, 1]), colorSpace='rgb', contrast=1.0, depth=0.0, flipHoriz=False, flipVert=False, font='Arial', fontFiles=[], height=0.05, italic=False, languageStyle='LTR', name='text_2', opacity=1.0, ori=0, pos=array([0., 0.]), rgb=UNKNOWN, text=str(...), units='height', win=Window(...), wrapWidth=1)
20.9344 	EXP 	Created text_10 = TextStim(__class__=<class 'psychopy.visual.text.TextStim'>, alignHoriz=method-wrapper(...), alignText='center', alignVert=method-wrapper(...), anchorHoriz='center', anchorVert='center', antialias=True, autoDraw=False, autoLog=True, bold=False, color=array([1, 1, 1]), colorSpace='rgb', contrast=1.0, depth=0.0, flipHoriz=False, flipVert=False, font='Arial', fontFiles=[], height=0.1, italic=False, languageStyle='LTR', name='text_10', opacity=1.0, ori=0, pos=array([0., 0.]), rgb=UNKNOWN, text='', units='height', win=Window(...), wrapWidth=1)
20.9422 	EXP 	Created text_8 = TextStim(__class__=<class 'psychopy.visual.text.TextStim'>, alignHoriz=method-wrapper(...), alignText='center', alignVert=method-wrapper(...), anchorHoriz='center', anchorVert='center', antialias=True, autoDraw=False, autoLog=True, bold=False, color=array([1, 1, 1]), colorSpace='rgb', contrast=1.0, depth=0.0, flipHoriz=False, flipVert=False, font='Arial', fontFiles=[], height=0.05, italic=False, languageStyle='LTR', name='text_8', opacity=1.0, ori=0, pos=array([0., 0.]), rgb=UNKNOWN, text=str(...), units='height', win=Window(...), wrapWidth=1)
20.9503 	EXP 	Created text_9 = TextStim(__class__=<class 'psychopy.visual.text.TextStim'>, alignHoriz=method-wrapper(...), alignText='center', alignVert=method-wrapper(...), anchorHoriz='center', anchorVert='center', antialias=True, autoDraw=False, autoLog=True, bold=False, color=array([1, 1, 1]), colorSpace='rgb', contrast=1.0, depth=0.0, flipHoriz=False, flipVert=False, font='Arial', fontFiles=[], height=0.1, italic=False, languageStyle='LTR', name='text_9', opacity=1.0, ori=0, pos=array([0., 0.]), rgb=UNKNOWN, text=str(...), units='height', win=Window(...), wrapWidth=1)
20.9506 	EXP 	Created text_3 = TextStim(__class__=<class 'psychopy.visual.text.TextStim'>, alignHoriz=method-wrapper(...), alignText='center', alignVert=method-wrapper(...), anchorHoriz='center', anchorVert='center', antialias=True, autoDraw=False, autoLog=True, bold=False, color=array([1, 1, 1]), colorSpace='rgb', contrast=1.0, depth=0.0, flipHoriz=False, flipVert=False, font='Arial', fontFiles=[], height=0.05, italic=False, languageStyle='LTR', name='text_3', opacity=1.0, ori=0, pos=array([0., 0.]), rgb=UNKNOWN, text='', units='height', win=Window(...), wrapWidth=1)
20.9511 	EXP 	Created text_4 = TextStim(__class__=<class 'psychopy.visual.text.TextStim'>, alignHoriz=method-wrapper(...), alignText='center', alignVert=method-wrapper(...), anchorHoriz='center', anchorVert='center', antialias=True, autoDraw=False, autoLog=True, bold=False, color=array([1, 1, 1]), colorSpace='rgb', contrast=1.0, depth=0.0, flipHoriz=False, flipVert=False, font='Arial', fontFiles=[], height=0.1, italic=False, languageStyle='LTR', name='text_4', opacity=1.0, ori=0, pos=array([0., 0.]), rgb=UNKNOWN, text='', units='height', win=Window(...), wrapWidth=1)
20.9512 	EXP 	window1: mouseVisible = True
20.9520 	DEPRECATION 	RatingScale: custom marker has no draw() method
20.9576 	EXP 	Created rating_rand_ = RatingScale(__class__=type(...), acceptKeys=['return'], acceptPreText=UNKNOWN, acceptSize=UNKNOWN, acceptText=UNKNOWN, autoLog=True, choices=False, colorSpace='rgb', depth=0, disappear=False, flipVert=False, high=100, kwargs=UNKNOWN, labels=[], leftKeys=['left'], lineColor=(255, 255, 255), low=0, marker=ShapeStim(...), markerColor=(255, 255, 255), markerExpansion=UNKNOWN, markerStart=0.5, maxTime=0.0, minTime=0.4, mouseOnly=False, name='rating_rand_', noMouse=False, pos=[0.0, 0.0], precision=100, respKeys=[], rightKeys=['right'], scale=None, self=UNKNOWN, showAccept=False, showValue=False, singleClick=False, size=0.6, skipKeys=['tab'], stretch=2.0, textColor=(255, 255, 255), textFont='Helvetica Bold', textSize=0.144, tickHeight=1, tickMarks=10.0, win=Window(...))
20.9651 	EXP 	Created main_text_rand = TextStim(__class__=<class 'psychopy.visual.text.TextStim'>, alignHoriz=method-wrapper(...), alignText='center', alignVert=method-wrapper(...), anchorHoriz='center', anchorVert='center', antialias=True, autoDraw=False, autoLog=True, bold=False, color=array([1, 1, 1]), colorSpace='rgb', contrast=1.0, depth=-2.0, flipHoriz=False, flipVert=False, font='Arial', fontFiles=[], height=0.07, italic=False, languageStyle='LTR', name='main_text_rand', opacity=1.0, ori=0, pos=array([0. , 0.4]), rgb=UNKNOWN, text=str(...), units='height', win=Window(...), wrapWidth=1)
20.9708 	EXP 	Created confirm_rand = TextStim(__class__=<class 'psychopy.visual.text.TextStim'>, alignHoriz=method-wrapper(...), alignText='center', alignVert=method-wrapper(...), anchorHoriz='center', anchorVert='center', antialias=True, autoDraw=False, autoLog=True, bold=False, color=array([1, 1, 1]), colorSpace='rgb', contrast=1.0, depth=-3.0, flipHoriz=False, flipVert=False, font='Arial', fontFiles=[], height=0.05, italic=False, languageStyle='LTR', name='confirm_rand', opacity=1.0, ori=0, pos=array([ 0. , -0.2]), rgb=UNKNOWN, text='Appuyer sur ESPACE pour poursuivre.', units='height', win=Window(...), wrapWidth=1)
20.9760 	EXP 	Created text_11 = TextStim(__class__=<class 'psychopy.visual.text.TextStim'>, alignHoriz=method-wrapper(...), alignText='center', alignVert=method-wrapper(...), anchorHoriz='center', anchorVert='center', antialias=True, autoDraw=False, autoLog=True, bold=False, color=array([1, 1, 1]), colorSpace='rgb', contrast=1.0, depth=0.0, flipHoriz=False, flipVert=False, font='Arial', fontFiles=[], height=0.1, italic=False, languageStyle='LTR', name='text_11', opacity=1.0, ori=0, pos=array([0., 0.]), rgb=UNKNOWN, text='Terminé!\n', units='height', win=Window(...), wrapWidth=1)
20.9761 	EXP 	window1: mouseVisible = False
21.0105 	EXP 	ratingScale: flipVert = False
21.0105 	EXP 	ratingScale: autoLog = True
21.0105 	EXP 	rating_rand_: flipVert = False
21.0105 	EXP 	rating_rand_: autoLog = True
21.0105 	EXP 	textwelcome: autoDraw = True
23.1298 	DATA 	Keypress: p
23.1356 	EXP 	textwelcome: autoDraw = False
23.1356 	EXP 	text_5: autoDraw = True
24.7690 	EXP 	Created sequence: random, trialTypes=1, nReps=3, seed=None
24.7691 	EXP 	New trial (rep=0, index=0): None
24.7701 	DATA 	Keypress: p
24.7753 	EXP 	text_5: autoDraw = False
24.7753 	EXP 	text: autoDraw = True
27.0542 	EXP 	Created sequence: random, trialTypes=1, nReps=70, seed=None
27.0543 	EXP 	New trial (rep=0, index=0): None
27.1121 	DATA 	Keypress: p
27.1142 	EXP 	text: autoDraw = False
27.1142 	EXP 	text_7: autoDraw = True
27.1656 	EXP 	text_7: autoDraw = False
27.1656 	EXP 	text_12: autoDraw = True
28.2281 	DATA 	Keypress: p
28.2340 	EXP 	text_12: autoDraw = False
28.2340 	EXP 	text_3: text = ''
28.2340 	EXP 	text_3: autoDraw = True
28.2340 	EXP 	text_3: height = 0.05
28.2340 	EXP 	text_3: height = 0.05
28.2340 	EXP 	text_3: height = 0.05
28.2340 	EXP 	text_3: text = ''
30.7340 	EXP 	text_3: autoDraw = False
30.7340 	EXP 	text_3: autoDraw = False
30.7340 	EXP 	text_4: autoDraw = True
31.7283 	EXP 	Created unnamed Rect = Rect(__class__=<class 'psychopy.visual.rect.Rect'>, anchor=('center', 'center'), autoDraw=False, autoLog=True, closeShape=True, color=method-wrapper(...), colorSpace='rgb', contrast=None, depth=0, fillColor=array([1, 1, 1]), fillColorSpace='rgb', fillRGB=array([1, 1, 1]), interpolate=True, lineColor=array([1, 1, 1]), lineColorSpace='rgb', lineRGB=array([1, 1, 1]), lineWidth=1.5, name='unnamed Rect', opacity=1.0, ori=0.0, pos=array([0., 0.]), size=array([0.01, 0.1 ]), units='norm', vertices=ndarray(...), win=Window(...))
31.7287 	EXP 	window1: mouseVisible = True
31.7555 	EXP 	Created ratingScale = RatingScale(__class__=type(...), acceptKeys=['return'], acceptPreText=UNKNOWN, acceptSize=UNKNOWN, acceptText=UNKNOWN, autoLog=True, choices=False, colorSpace='rgb', depth=0, disappear=False, flipVert=False, high=100, kwargs=UNKNOWN, labels=list(...), leftKeys=['left'], lineColor=(255, 255, 255), low=0, marker=Rect(...), markerColor=(255, 255, 255), markerExpansion=UNKNOWN, markerStart=0.5, maxTime=0.0, minTime=0.4, mouseOnly=False, name='ratingScale', noMouse=False, pos=[0.0, 0.0], precision=1, respKeys=[], rightKeys=['right'], scale=None, self=UNKNOWN, showAccept=False, showValue=False, singleClick=False, size=0.6, skipKeys=['tab'], stretch=2.0, textColor='white', textFont='Helvetica Bold', textSize=0.144, tickHeight=0, tickMarks=10.0, win=Window(...))
31.7558 	EXP 	RatingScale ratingScale: reset()
31.7583 	EXP 	window1: mouseVisible = False
31.7592 	EXP 	text_4: autoDraw = False
31.7592 	EXP 	text_4: autoDraw = False
31.7592 	EXP 	ratingScale: flipVert = False
31.7592 	EXP 	unnamed Rect: fillColor = <psychopy.colors.Color: (255.0, 255.0, 255.0, 1.0)>
31.7592 	EXP 	ratingScale: autoLog = True
31.7592 	EXP 	unnamed Rect: fillColor = <psychopy.colors.Color: (255.0, 255.0, 255.0, 1.0)>
31.7614 	EXP 	window1: mouseVisible = False
31.7645 	EXP 	window1: mouseVisible = False
31.7708 	EXP 	window1: mouseVisible = False
31.7783 	EXP 	window1: mouseVisible = False
31.7848 	EXP 	window1: mouseVisible = False
31.7917 	EXP 	window1: mouseVisible = False
31.7985 	EXP 	window1: mouseVisible = False
31.8057 	EXP 	window1: mouseVisible = False
31.8128 	EXP 	window1: mouseVisible = False
31.8193 	EXP 	window1: mouseVisible = False
31.8262 	EXP 	window1: mouseVisible = False
31.8332 	EXP 	window1: mouseVisible = False
31.8409 	EXP 	window1: mouseVisible = False
31.8472 	EXP 	window1: mouseVisible = False
31.8541 	EXP 	window1: mouseVisible = False
31.8611 	EXP 	window1: mouseVisible = False
31.8679 	EXP 	window1: mouseVisible = False
31.8752 	EXP 	window1: mouseVisible = False
31.8821 	EXP 	window1: mouseVisible = False
31.8891 	EXP 	window1: mouseVisible = False
31.8946 	EXP 	window1: mouseVisible = False
31.9014 	EXP 	window1: mouseVisible = False
31.9083 	EXP 	window1: mouseVisible = False
31.9153 	EXP 	window1: mouseVisible = False
31.9222 	EXP 	window1: mouseVisible = False
31.9293 	EXP 	window1: mouseVisible = False
31.9363 	EXP 	window1: mouseVisible = False
31.9436 	EXP 	window1: mouseVisible = False
31.9507 	EXP 	window1: mouseVisible = False
31.9578 	EXP 	window1: mouseVisible = False
31.9645 	EXP 	window1: mouseVisible = False
31.9715 	EXP 	window1: mouseVisible = False
31.9790 	EXP 	window1: mouseVisible = False
31.9856 	EXP 	window1: mouseVisible = False
31.9924 	EXP 	window1: mouseVisible = False
31.9997 	EXP 	window1: mouseVisible = False
32.0064 	EXP 	window1: mouseVisible = False
32.0133 	EXP 	window1: mouseVisible = False
32.0207 	EXP 	window1: mouseVisible = False
32.0273 	EXP 	window1: mouseVisible = False
32.0343 	EXP 	window1: mouseVisible = False
32.0412 	EXP 	window1: mouseVisible = False
32.0480 	EXP 	window1: mouseVisible = False
32.0551 	EXP 	window1: mouseVisible = False
32.0620 	EXP 	window1: mouseVisible = False
32.0690 	EXP 	window1: mouseVisible = False
32.0760 	EXP 	window1: mouseVisible = False
32.0833 	EXP 	window1: mouseVisible = False
32.0904 	EXP 	window1: mouseVisible = False
32.0976 	EXP 	window1: mouseVisible = False
32.1040 	EXP 	window1: mouseVisible = False
32.1110 	EXP 	window1: mouseVisible = False
32.1175 	EXP 	window1: mouseVisible = False
32.1244 	EXP 	window1: mouseVisible = False
32.1316 	EXP 	window1: mouseVisible = False
32.1388 	EXP 	window1: mouseVisible = False
32.1454 	EXP 	window1: mouseVisible = False
32.1521 	EXP 	window1: mouseVisible = False
32.1590 	EXP 	window1: mouseVisible = False
32.1659 	EXP 	window1: mouseVisible = False
32.1728 	EXP 	window1: mouseVisible = False
32.1798 	EXP 	window1: mouseVisible = False
32.1866 	EXP 	window1: mouseVisible = False
32.1937 	EXP 	window1: mouseVisible = False
32.2006 	EXP 	window1: mouseVisible = False
32.2079 	EXP 	window1: mouseVisible = False
32.2154 	EXP 	window1: mouseVisible = False
32.2226 	EXP 	window1: mouseVisible = False
32.2292 	EXP 	window1: mouseVisible = False
32.2363 	EXP 	window1: mouseVisible = False
32.2432 	EXP 	window1: mouseVisible = False
32.2497 	EXP 	window1: mouseVisible = False
32.2565 	EXP 	window1: mouseVisible = False
32.2635 	EXP 	window1: mouseVisible = False
32.2702 	EXP 	window1: mouseVisible = False
32.2774 	EXP 	window1: mouseVisible = False
32.2840 	EXP 	window1: mouseVisible = False
32.2909 	EXP 	window1: mouseVisible = False
32.2983 	EXP 	window1: mouseVisible = False
32.3051 	EXP 	window1: mouseVisible = False
32.3118 	EXP 	window1: mouseVisible = False
32.3188 	EXP 	window1: mouseVisible = False
32.3261 	EXP 	window1: mouseVisible = False
32.3328 	EXP 	window1: mouseVisible = False
32.3402 	EXP 	window1: mouseVisible = False
32.3466 	EXP 	window1: mouseVisible = False
32.3537 	EXP 	window1: mouseVisible = False
32.3611 	EXP 	window1: mouseVisible = False
32.3687 	EXP 	window1: mouseVisible = False
32.3746 	EXP 	window1: mouseVisible = False
32.3818 	EXP 	window1: mouseVisible = False
32.3890 	EXP 	window1: mouseVisible = False
32.3955 	EXP 	window1: mouseVisible = False
32.4021 	EXP 	window1: mouseVisible = False
32.4092 	EXP 	window1: mouseVisible = False
32.4163 	EXP 	window1: mouseVisible = False
32.4231 	EXP 	window1: mouseVisible = False
32.4299 	EXP 	window1: mouseVisible = False
32.4368 	EXP 	window1: mouseVisible = False
32.4439 	EXP 	window1: mouseVisible = False
32.4510 	EXP 	window1: mouseVisible = False
32.4579 	EXP 	window1: mouseVisible = False
32.4648 	EXP 	window1: mouseVisible = False
32.4719 	EXP 	window1: mouseVisible = False
32.4786 	EXP 	window1: mouseVisible = False
32.4859 	EXP 	window1: mouseVisible = False
32.4928 	EXP 	window1: mouseVisible = False
32.4996 	EXP 	window1: mouseVisible = False
32.5070 	EXP 	window1: mouseVisible = False
32.5137 	EXP 	window1: mouseVisible = False
32.5209 	EXP 	window1: mouseVisible = False
32.5279 	EXP 	window1: mouseVisible = False
32.5348 	EXP 	window1: mouseVisible = False
32.5421 	EXP 	window1: mouseVisible = False
32.5486 	EXP 	window1: mouseVisible = False
32.5556 	EXP 	window1: mouseVisible = False
32.5643 	EXP 	window1: mouseVisible = False
32.5696 	EXP 	window1: mouseVisible = False
32.5761 	EXP 	window1: mouseVisible = False
32.5828 	EXP 	window1: mouseVisible = False
32.5899 	EXP 	window1: mouseVisible = False
32.5969 	EXP 	window1: mouseVisible = False
32.6034 	EXP 	window1: mouseVisible = False
32.6105 	EXP 	window1: mouseVisible = False
32.6174 	EXP 	window1: mouseVisible = False
32.6243 	EXP 	window1: mouseVisible = False
32.6315 	EXP 	window1: mouseVisible = False
32.6388 	EXP 	window1: mouseVisible = False
32.6461 	EXP 	window1: mouseVisible = False
32.6526 	EXP 	window1: mouseVisible = False
32.6597 	EXP 	window1: mouseVisible = False
32.6666 	EXP 	window1: mouseVisible = False
32.6743 	EXP 	window1: mouseVisible = False
32.6810 	EXP 	window1: mouseVisible = False
32.6876 	EXP 	window1: mouseVisible = False
32.6945 	EXP 	window1: mouseVisible = False
32.7007 	EXP 	window1: mouseVisible = False
32.7073 	EXP 	window1: mouseVisible = False
32.7143 	EXP 	window1: mouseVisible = False
32.7211 	EXP 	window1: mouseVisible = False
32.7280 	EXP 	window1: mouseVisible = False
32.7351 	EXP 	window1: mouseVisible = False
32.7420 	EXP 	window1: mouseVisible = False
32.7489 	EXP 	window1: mouseVisible = False
32.7558 	EXP 	window1: mouseVisible = False
32.7629 	EXP 	window1: mouseVisible = False
32.7700 	EXP 	window1: mouseVisible = False
32.7770 	EXP 	window1: mouseVisible = False
32.7843 	EXP 	window1: mouseVisible = False
32.7913 	EXP 	window1: mouseVisible = False
32.7988 	EXP 	window1: mouseVisible = False
32.8054 	EXP 	window1: mouseVisible = False
32.8120 	EXP 	window1: mouseVisible = False
32.8195 	EXP 	window1: mouseVisible = False
32.8265 	EXP 	window1: mouseVisible = False
32.8336 	EXP 	window1: mouseVisible = False
32.8407 	EXP 	window1: mouseVisible = False
32.8472 	EXP 	window1: mouseVisible = False
32.8544 	EXP 	window1: mouseVisible = False
32.8609 	EXP 	window1: mouseVisible = False
32.8682 	EXP 	window1: mouseVisible = False
32.8755 	EXP 	window1: mouseVisible = False
32.8816 	EXP 	window1: mouseVisible = False
32.8884 	EXP 	window1: mouseVisible = False
32.8958 	EXP 	window1: mouseVisible = False
32.9024 	EXP 	window1: mouseVisible = False
32.9094 	EXP 	window1: mouseVisible = False
32.9165 	EXP 	window1: mouseVisible = False
32.9237 	EXP 	window1: mouseVisible = False
32.9304 	EXP 	window1: mouseVisible = False
32.9375 	EXP 	window1: mouseVisible = False
32.9448 	EXP 	window1: mouseVisible = False
32.9513 	EXP 	window1: mouseVisible = False
32.9587 	EXP 	window1: mouseVisible = False
32.9651 	EXP 	window1: mouseVisible = False
32.9727 	EXP 	window1: mouseVisible = False
32.9800 	EXP 	window1: mouseVisible = False
32.9861 	EXP 	window1: mouseVisible = False
32.9937 	EXP 	window1: mouseVisible = False
32.9999 	EXP 	window1: mouseVisible = False
33.0070 	EXP 	window1: mouseVisible = False
33.0142 	EXP 	window1: mouseVisible = False
33.0210 	EXP 	window1: mouseVisible = False
33.0282 	EXP 	window1: mouseVisible = False
33.0349 	EXP 	window1: mouseVisible = False
33.0413 	EXP 	window1: mouseVisible = False
33.0488 	EXP 	window1: mouseVisible = False
33.0559 	EXP 	window1: mouseVisible = False
33.0636 	EXP 	window1: mouseVisible = False
33.0694 	EXP 	window1: mouseVisible = False
33.0761 	EXP 	window1: mouseVisible = False
33.0836 	EXP 	window1: mouseVisible = False
33.0905 	EXP 	window1: mouseVisible = False
33.0972 	EXP 	window1: mouseVisible = False
33.1040 	EXP 	window1: mouseVisible = False
33.1112 	EXP 	window1: mouseVisible = False
33.1188 	EXP 	window1: mouseVisible = False
33.1251 	EXP 	window1: mouseVisible = False
33.1316 	EXP 	window1: mouseVisible = False
33.1384 	EXP 	window1: mouseVisible = False
33.1453 	EXP 	window1: mouseVisible = False
33.1527 	EXP 	window1: mouseVisible = False
33.1602 	EXP 	window1: mouseVisible = False
33.1663 	EXP 	window1: mouseVisible = False
33.1737 	EXP 	window1: mouseVisible = False
33.1803 	EXP 	window1: mouseVisible = False
33.1873 	EXP 	window1: mouseVisible = False
33.1941 	EXP 	window1: mouseVisible = False
33.2010 	EXP 	window1: mouseVisible = False
33.2075 	EXP 	window1: mouseVisible = False
33.2145 	EXP 	window1: mouseVisible = False
33.2213 	EXP 	window1: mouseVisible = False
33.2282 	EXP 	window1: mouseVisible = False
33.2356 	EXP 	window1: mouseVisible = False
33.2422 	EXP 	window1: mouseVisible = False
33.2500 	EXP 	window1: mouseVisible = False
33.2563 	EXP 	window1: mouseVisible = False
33.2631 	EXP 	window1: mouseVisible = False
33.2706 	EXP 	window1: mouseVisible = False
33.2773 	EXP 	window1: mouseVisible = False
33.2845 	EXP 	window1: mouseVisible = False
33.2914 	EXP 	window1: mouseVisible = False
33.2982 	EXP 	window1: mouseVisible = False
33.3050 	EXP 	window1: mouseVisible = False
33.3124 	EXP 	window1: mouseVisible = False
33.3200 	EXP 	window1: mouseVisible = False
33.3259 	EXP 	window1: mouseVisible = False
33.3333 	EXP 	window1: mouseVisible = False
33.3398 	EXP 	window1: mouseVisible = False
33.3467 	EXP 	window1: mouseVisible = False
33.3536 	EXP 	window1: mouseVisible = False
33.3605 	EXP 	window1: mouseVisible = False
33.3675 	EXP 	window1: mouseVisible = False
33.3756 	EXP 	window1: mouseVisible = False
33.3816 	EXP 	window1: mouseVisible = False
33.3884 	EXP 	window1: mouseVisible = False
33.3953 	EXP 	window1: mouseVisible = False
33.4035 	EXP 	window1: mouseVisible = False
33.4105 	EXP 	window1: mouseVisible = False
33.4161 	EXP 	window1: mouseVisible = False
33.4230 	EXP 	window1: mouseVisible = False
33.4305 	EXP 	window1: mouseVisible = False
33.4369 	EXP 	window1: mouseVisible = False
33.4439 	EXP 	window1: mouseVisible = False
33.4515 	EXP 	window1: mouseVisible = False
33.4579 	EXP 	window1: mouseVisible = False
33.4647 	EXP 	window1: mouseVisible = False
33.4726 	EXP 	window1: mouseVisible = False
33.4787 	EXP 	window1: mouseVisible = False
33.4868 	EXP 	window1: mouseVisible = False
33.4924 	EXP 	window1: mouseVisible = False
33.4999 	EXP 	window1: mouseVisible = False
33.5064 	EXP 	window1: mouseVisible = False
33.5134 	EXP 	window1: mouseVisible = False
33.5201 	EXP 	window1: mouseVisible = False
33.5284 	EXP 	window1: mouseVisible = False
33.5342 	EXP 	window1: mouseVisible = False
33.5412 	EXP 	window1: mouseVisible = False
33.5483 	EXP 	window1: mouseVisible = False
33.5552 	EXP 	window1: mouseVisible = False
33.5622 	EXP 	window1: mouseVisible = False
33.5688 	EXP 	window1: mouseVisible = False
33.5770 	EXP 	window1: mouseVisible = False
33.5832 	EXP 	window1: mouseVisible = False
33.5898 	EXP 	window1: mouseVisible = False
33.5969 	EXP 	window1: mouseVisible = False
33.6038 	EXP 	window1: mouseVisible = False
33.6118 	EXP 	window1: mouseVisible = False
33.6177 	EXP 	window1: mouseVisible = False
33.6246 	EXP 	window1: mouseVisible = False
33.6329 	EXP 	window1: mouseVisible = False
33.6397 	EXP 	window1: mouseVisible = False
33.6455 	EXP 	window1: mouseVisible = False
33.6524 	EXP 	window1: mouseVisible = False
33.6593 	EXP 	window1: mouseVisible = False
33.6664 	EXP 	window1: mouseVisible = False
33.6731 	EXP 	window1: mouseVisible = False
33.6802 	EXP 	window1: mouseVisible = False
33.6870 	EXP 	window1: mouseVisible = False
33.6940 	EXP 	window1: mouseVisible = False
33.7008 	EXP 	window1: mouseVisible = False
33.7082 	EXP 	window1: mouseVisible = False
33.7149 	EXP 	window1: mouseVisible = False
33.7219 	EXP 	window1: mouseVisible = False
33.7287 	EXP 	window1: mouseVisible = False
33.7360 	EXP 	window1: mouseVisible = False
33.7427 	EXP 	window1: mouseVisible = False
33.7494 	EXP 	window1: mouseVisible = False
33.7574 	EXP 	window1: mouseVisible = False
33.7632 	EXP 	window1: mouseVisible = False
33.7703 	EXP 	window1: mouseVisible = False
33.7771 	EXP 	window1: mouseVisible = False
33.7840 	EXP 	window1: mouseVisible = False
33.7929 	EXP 	window1: mouseVisible = False
33.7979 	EXP 	window1: mouseVisible = False
33.8048 	EXP 	window1: mouseVisible = False
33.8129 	EXP 	window1: mouseVisible = False
33.8189 	EXP 	window1: mouseVisible = False
33.8257 	EXP 	window1: mouseVisible = False
33.8326 	EXP 	window1: mouseVisible = False
33.8396 	EXP 	window1: mouseVisible = False
33.8468 	EXP 	window1: mouseVisible = False
33.8539 	EXP 	window1: mouseVisible = False
33.8609 	EXP 	window1: mouseVisible = False
33.8679 	EXP 	window1: mouseVisible = False
33.8751 	EXP 	window1: mouseVisible = False
33.8816 	EXP 	window1: mouseVisible = False
33.8883 	EXP 	window1: mouseVisible = False
33.8953 	EXP 	window1: mouseVisible = False
33.9026 	EXP 	window1: mouseVisible = False
33.9099 	EXP 	window1: mouseVisible = False
33.9169 	EXP 	window1: mouseVisible = False
33.9227 	EXP 	window1: mouseVisible = False
33.9298 	EXP 	window1: mouseVisible = False
33.9366 	EXP 	window1: mouseVisible = False
33.9440 	EXP 	window1: mouseVisible = False
33.9509 	EXP 	window1: mouseVisible = False
33.9583 	EXP 	window1: mouseVisible = False
33.9649 	EXP 	window1: mouseVisible = False
33.9720 	EXP 	window1: mouseVisible = False
33.9787 	EXP 	window1: mouseVisible = False
33.9857 	DATA 	Keypress: n
33.9861 	EXP 	window1: mouseVisible = False
33.9930 	EXP 	window1: mouseVisible = False
33.9999 	EXP 	window1: mouseVisible = False
34.0068 	EXP 	window1: mouseVisible = False
34.0136 	EXP 	window1: mouseVisible = False
34.0202 	EXP 	window1: mouseVisible = False
34.0274 	EXP 	window1: mouseVisible = False
34.0341 	EXP 	window1: mouseVisible = False
34.0411 	EXP 	window1: mouseVisible = False
34.0481 	EXP 	window1: mouseVisible = False
34.0549 	EXP 	window1: mouseVisible = False
34.0619 	EXP 	window1: mouseVisible = False
34.0687 	EXP 	window1: mouseVisible = False
34.0757 	EXP 	window1: mouseVisible = False
34.0826 	EXP 	window1: mouseVisible = False
34.0900 	EXP 	window1: mouseVisible = False
34.0968 	EXP 	window1: mouseVisible = False
34.1037 	EXP 	window1: mouseVisible = False
34.1110 	EXP 	window1: mouseVisible = False
34.1173 	EXP 	window1: mouseVisible = False
34.1251 	EXP 	window1: mouseVisible = False
34.1317 	EXP 	window1: mouseVisible = False
34.1386 	EXP 	window1: mouseVisible = False
34.1456 	EXP 	window1: mouseVisible = False
34.1523 	EXP 	window1: mouseVisible = False
34.1591 	EXP 	window1: mouseVisible = False
34.1659 	EXP 	window1: mouseVisible = False
34.1734 	EXP 	window1: mouseVisible = False
34.1805 	EXP 	window1: mouseVisible = False
34.1879 	EXP 	window1: mouseVisible = False
34.1956 	EXP 	window1: mouseVisible = False
34.2008 	EXP 	window1: mouseVisible = False
34.2076 	EXP 	window1: mouseVisible = False
34.2146 	EXP 	window1: mouseVisible = False
34.2214 	EXP 	window1: mouseVisible = False
34.2284 	EXP 	window1: mouseVisible = False
34.2356 	EXP 	window1: mouseVisible = False
34.2425 	EXP 	window1: mouseVisible = False
34.2494 	EXP 	window1: mouseVisible = False
34.2562 	EXP 	window1: mouseVisible = False
34.2635 	EXP 	window1: mouseVisible = False
34.2707 	EXP 	window1: mouseVisible = False
34.2774 	EXP 	window1: mouseVisible = False
34.2842 	EXP 	window1: mouseVisible = False
34.2915 	EXP 	window1: mouseVisible = False
34.2983 	EXP 	window1: mouseVisible = False
34.3054 	EXP 	window1: mouseVisible = False
34.3120 	EXP 	window1: mouseVisible = False
34.3188 	EXP 	window1: mouseVisible = False
34.3259 	EXP 	window1: mouseVisible = False
34.3329 	EXP 	window1: mouseVisible = False
34.3397 	EXP 	window1: mouseVisible = False
34.3467 	EXP 	window1: mouseVisible = False
34.3538 	EXP 	window1: mouseVisible = False
34.3607 	EXP 	window1: mouseVisible = False
34.3676 	EXP 	window1: mouseVisible = False
34.3748 	EXP 	window1: mouseVisible = False
34.3817 	EXP 	window1: mouseVisible = False
34.3883 	EXP 	window1: mouseVisible = False
34.3954 	EXP 	window1: mouseVisible = False
34.4021 	EXP 	window1: mouseVisible = False
34.4091 	EXP 	window1: mouseVisible = False
34.4159 	EXP 	window1: mouseVisible = False
34.4232 	EXP 	window1: mouseVisible = False
34.4307 	EXP 	window1: mouseVisible = False
34.4373 	EXP 	window1: mouseVisible = False
34.4442 	EXP 	window1: mouseVisible = False
34.4518 	EXP 	window1: mouseVisible = False
34.4581 	EXP 	window1: mouseVisible = False
34.4651 	EXP 	window1: mouseVisible = False
34.4714 	EXP 	window1: mouseVisible = False
34.4782 	EXP 	window1: mouseVisible = False
34.4853 	EXP 	window1: mouseVisible = False
34.4923 	EXP 	window1: mouseVisible = False
34.4994 	EXP 	window1: mouseVisible = False
34.5061 	EXP 	window1: mouseVisible = False
34.5133 	EXP 	window1: mouseVisible = False
34.5202 	EXP 	window1: mouseVisible = False
34.5272 	EXP 	window1: mouseVisible = False
34.5341 	EXP 	window1: mouseVisible = False
34.5410 	EXP 	window1: mouseVisible = False
34.5480 	EXP 	window1: mouseVisible = False
34.5549 	EXP 	window1: mouseVisible = False
34.5622 	EXP 	window1: mouseVisible = False
34.5692 	EXP 	window1: mouseVisible = False
34.5783 	EXP 	window1: mouseVisible = False
34.5833 	EXP 	window1: mouseVisible = False
34.5902 	EXP 	window1: mouseVisible = False
34.5968 	EXP 	window1: mouseVisible = False
34.6042 	EXP 	window1: mouseVisible = False
34.6110 	EXP 	window1: mouseVisible = False
34.6182 	EXP 	window1: mouseVisible = False
34.6249 	EXP 	window1: mouseVisible = False
34.6319 	EXP 	window1: mouseVisible = False
34.6388 	EXP 	window1: mouseVisible = False
34.6456 	EXP 	window1: mouseVisible = False
34.6527 	EXP 	window1: mouseVisible = False
34.6596 	EXP 	window1: mouseVisible = False
34.6663 	EXP 	window1: mouseVisible = False
34.6735 	EXP 	window1: mouseVisible = False
34.6804 	EXP 	window1: mouseVisible = False
34.6875 	EXP 	window1: mouseVisible = False
34.6940 	EXP 	window1: mouseVisible = False
34.7015 	EXP 	window1: mouseVisible = False
34.7078 	EXP 	window1: mouseVisible = False
34.7151 	EXP 	window1: mouseVisible = False
34.7218 	EXP 	window1: mouseVisible = False
34.7290 	EXP 	window1: mouseVisible = False
34.7356 	EXP 	window1: mouseVisible = False
34.7430 	EXP 	window1: mouseVisible = False
34.7503 	EXP 	window1: mouseVisible = False
34.7573 	EXP 	window1: mouseVisible = False
34.7638 	EXP 	window1: mouseVisible = False
34.7709 	EXP 	window1: mouseVisible = False
34.7774 	EXP 	window1: mouseVisible = False
34.7845 	EXP 	window1: mouseVisible = False
34.7911 	EXP 	window1: mouseVisible = False
34.7979 	EXP 	window1: mouseVisible = False
34.8051 	EXP 	window1: mouseVisible = False
34.8119 	EXP 	window1: mouseVisible = False
34.8192 	EXP 	window1: mouseVisible = False
34.8262 	EXP 	window1: mouseVisible = False
34.8329 	EXP 	window1: mouseVisible = False
34.8397 	EXP 	window1: mouseVisible = False
34.8467 	EXP 	window1: mouseVisible = False
34.8536 	EXP 	window1: mouseVisible = False
34.8605 	EXP 	window1: mouseVisible = False
34.8678 	EXP 	window1: mouseVisible = False
34.8744 	EXP 	window1: mouseVisible = False
34.8815 	EXP 	window1: mouseVisible = False
34.8884 	EXP 	window1: mouseVisible = False
34.8955 	EXP 	window1: mouseVisible = False
34.9020 	EXP 	window1: mouseVisible = False
34.9094 	EXP 	window1: mouseVisible = False
34.9161 	EXP 	window1: mouseVisible = False
34.9235 	EXP 	window1: mouseVisible = False
34.9300 	EXP 	window1: mouseVisible = False
34.9374 	EXP 	window1: mouseVisible = False
34.9446 	EXP 	window1: mouseVisible = False
34.9517 	EXP 	window1: mouseVisible = False
34.9586 	EXP 	window1: mouseVisible = False
34.9651 	EXP 	window1: mouseVisible = False
34.9717 	EXP 	window1: mouseVisible = False
34.9791 	EXP 	window1: mouseVisible = False
34.9865 	EXP 	window1: mouseVisible = False
34.9935 	EXP 	window1: mouseVisible = False
34.9999 	EXP 	window1: mouseVisible = False
35.0070 	EXP 	window1: mouseVisible = False
35.0139 	EXP 	window1: mouseVisible = False
35.0204 	EXP 	window1: mouseVisible = False
35.0272 	EXP 	window1: mouseVisible = False
35.0347 	EXP 	window1: mouseVisible = False
35.0413 	EXP 	window1: mouseVisible = False
35.0482 	EXP 	window1: mouseVisible = False
35.0551 	EXP 	window1: mouseVisible = False
35.0619 	EXP 	window1: mouseVisible = False
35.0691 	EXP 	window1: mouseVisible = False
35.0760 	EXP 	window1: mouseVisible = False
35.0829 	EXP 	window1: mouseVisible = False
35.0896 	EXP 	window1: mouseVisible = False
35.0966 	EXP 	window1: mouseVisible = False
35.1038 	EXP 	window1: mouseVisible = False
35.1109 	EXP 	window1: mouseVisible = False
35.1179 	EXP 	window1: mouseVisible = False
35.1253 	EXP 	window1: mouseVisible = False
35.1317 	EXP 	window1: mouseVisible = False
35.1390 	EXP 	window1: mouseVisible = False
35.1460 	EXP 	window1: mouseVisible = False
35.1533 	EXP 	window1: mouseVisible = False
35.1596 	EXP 	window1: mouseVisible = False
35.1671 	EXP 	window1: mouseVisible = False
35.1733 	EXP 	window1: mouseVisible = False
35.1803 	EXP 	window1: mouseVisible = False
35.1869 	EXP 	window1: mouseVisible = False
35.1944 	EXP 	window1: mouseVisible = False
35.2016 	EXP 	window1: mouseVisible = False
35.2081 	EXP 	window1: mouseVisible = False
35.2149 	EXP 	window1: mouseVisible = False
35.2216 	EXP 	window1: mouseVisible = False
35.2285 	EXP 	window1: mouseVisible = False
35.2358 	EXP 	window1: mouseVisible = False
35.2425 	EXP 	window1: mouseVisible = False
35.2500 	EXP 	window1: mouseVisible = False
35.2567 	EXP 	window1: mouseVisible = False
35.2633 	EXP 	window1: mouseVisible = False
35.2707 	EXP 	window1: mouseVisible = False
35.2773 	EXP 	window1: mouseVisible = False
35.2846 	EXP 	window1: mouseVisible = False
35.2912 	EXP 	window1: mouseVisible = False
35.2982 	EXP 	window1: mouseVisible = False
35.3050 	EXP 	window1: mouseVisible = False
35.3117 	EXP 	window1: mouseVisible = False
35.3190 	EXP 	window1: mouseVisible = False
35.3256 	EXP 	window1: mouseVisible = False
35.3329 	EXP 	window1: mouseVisible = False
35.3396 	EXP 	window1: mouseVisible = False
35.3467 	EXP 	window1: mouseVisible = False
35.3535 	EXP 	window1: mouseVisible = False
35.3605 	EXP 	window1: mouseVisible = False
35.3673 	EXP 	window1: mouseVisible = False
35.3746 	EXP 	window1: mouseVisible = False
35.3815 	EXP 	window1: mouseVisible = False
35.3886 	EXP 	window1: mouseVisible = False
35.3960 	EXP 	window1: mouseVisible = False
35.4029 	EXP 	window1: mouseVisible = False
35.4095 	EXP 	window1: mouseVisible = False
35.4164 	EXP 	window1: mouseVisible = False
35.4230 	EXP 	window1: mouseVisible = False
35.4300 	EXP 	window1: mouseVisible = False
35.4368 	EXP 	window1: mouseVisible = False
35.4444 	EXP 	window1: mouseVisible = False
35.4517 	EXP 	window1: mouseVisible = False
35.4580 	EXP 	window1: mouseVisible = False
35.4647 	EXP 	window1: mouseVisible = False
35.4719 	EXP 	window1: mouseVisible = False
35.4788 	EXP 	window1: mouseVisible = False
35.4858 	EXP 	window1: mouseVisible = False
35.4925 	EXP 	window1: mouseVisible = False
35.4999 	EXP 	window1: mouseVisible = False
35.5065 	EXP 	window1: mouseVisible = False
35.5140 	EXP 	window1: mouseVisible = False
35.5205 	EXP 	window1: mouseVisible = False
35.5278 	EXP 	window1: mouseVisible = False
35.5345 	EXP 	window1: mouseVisible = False
35.5415 	EXP 	window1: mouseVisible = False
35.5486 	EXP 	window1: mouseVisible = False
35.5561 	EXP 	window1: mouseVisible = False
35.5624 	EXP 	window1: mouseVisible = False
35.5693 	EXP 	window1: mouseVisible = False
35.5761 	EXP 	window1: mouseVisible = False
35.5832 	EXP 	window1: mouseVisible = False
35.5920 	EXP 	window1: mouseVisible = False
35.5982 	EXP 	window1: mouseVisible = False
35.6038 	EXP 	window1: mouseVisible = False
35.6107 	EXP 	window1: mouseVisible = False
35.6180 	EXP 	window1: mouseVisible = False
35.6244 	EXP 	window1: mouseVisible = False
35.6314 	EXP 	window1: mouseVisible = False
35.6385 	EXP 	window1: mouseVisible = False
35.6453 	EXP 	window1: mouseVisible = False
35.6525 	EXP 	window1: mouseVisible = False
35.6591 	EXP 	window1: mouseVisible = False
35.6662 	EXP 	window1: mouseVisible = False
35.6730 	EXP 	window1: mouseVisible = False
35.6800 	EXP 	window1: mouseVisible = False
35.6873 	EXP 	window1: mouseVisible = False
35.6941 	EXP 	window1: mouseVisible = False
35.7013 	EXP 	window1: mouseVisible = False
35.7078 	EXP 	window1: mouseVisible = False
35.7147 	EXP 	window1: mouseVisible = False
35.7221 	EXP 	window1: mouseVisible = False
35.7293 	EXP 	window1: mouseVisible = False
35.7361 	EXP 	window1: mouseVisible = False
35.7429 	EXP 	window1: mouseVisible = False
35.7499 	EXP 	window1: mouseVisible = False
35.7579 	EXP 	window1: mouseVisible = False
35.7637 	EXP 	window1: mouseVisible = False
35.7719 	EXP 	window1: mouseVisible = False
35.7777 	EXP 	window1: mouseVisible = False
35.7845 	EXP 	window1: mouseVisible = False
35.7910 	EXP 	window1: mouseVisible = False
35.7983 	EXP 	window1: mouseVisible = False
35.8054 	EXP 	window1: mouseVisible = False
35.8123 	EXP 	window1: mouseVisible = False
35.8193 	EXP 	window1: mouseVisible = False
35.8266 	EXP 	window1: mouseVisible = False
35.8331 	EXP 	window1: mouseVisible = False
35.8400 	EXP 	window1: mouseVisible = False
35.8470 	EXP 	window1: mouseVisible = False
35.8539 	EXP 	window1: mouseVisible = False
35.8611 	EXP 	window1: mouseVisible = False
35.8678 	EXP 	window1: mouseVisible = False
35.8745 	DATA 	Keypress: space
35.9776 	EXP 	main_text: autoDraw = True
35.9776 	EXP 	confirm_text: autoDraw = True
35.9776 	EXP 	ratingScale: autoDraw = False
35.9776 	EXP 	main_text: autoDraw = False
35.9776 	EXP 	confirm_text: autoDraw = False
35.9776 	EXP 	text_2: autoDraw = True
37.5078 	EXP 	New trial (rep=1, index=0): None
37.5505 	DATA 	Keypress: y
37.5519 	EXP 	text_2: autoDraw = False
37.5519 	EXP 	text_7: autoDraw = True
37.6168 	EXP 	text_7: autoDraw = False
37.6168 	EXP 	text_12: autoDraw = True
38.3756 	DATA 	Keypress: p
38.3806 	EXP 	text_12: autoDraw = False
38.3806 	EXP 	text_3: text = ''
38.3806 	EXP 	text_3: autoDraw = True
40.7838 	EXP 	text_3: autoDraw = False
40.7838 	EXP 	text_3: autoDraw = False
40.7838 	EXP 	text_4: autoDraw = True
41.7795 	EXP 	Created unnamed Rect = Rect(__class__=<class 'psychopy.visual.rect.Rect'>, anchor=('center', 'center'), autoDraw=False, autoLog=True, closeShape=True, color=method-wrapper(...), colorSpace='rgb', contrast=None, depth=0, fillColor=array([1, 1, 1]), fillColorSpace='rgb', fillRGB=array([1, 1, 1]), interpolate=True, lineColor=array([1, 1, 1]), lineColorSpace='rgb', lineRGB=array([1, 1, 1]), lineWidth=1.5, name='unnamed Rect', opacity=1.0, ori=0.0, pos=array([0., 0.]), size=array([0.01, 0.1 ]), units='norm', vertices=ndarray(...), win=Window(...))
41.7802 	EXP 	window1: mouseVisible = True
41.7989 	EXP 	Created ratingScale = RatingScale(__class__=type(...), acceptKeys=['return'], acceptPreText=UNKNOWN, acceptSize=UNKNOWN, acceptText=UNKNOWN, autoLog=True, choices=False, colorSpace='rgb', depth=0, disappear=False, flipVert=False, high=100, kwargs=UNKNOWN, labels=list(...), leftKeys=['left'], lineColor=(255, 255, 255), low=0, marker=Rect(...), markerColor=(255, 255, 255), markerExpansion=UNKNOWN, markerStart=0.5, maxTime=0.0, minTime=0.4, mouseOnly=False, name='ratingScale', noMouse=False, pos=[0.0, 0.0], precision=1, respKeys=[], rightKeys=['right'], scale=None, self=UNKNOWN, showAccept=False, showValue=False, singleClick=False, size=0.6, skipKeys=['tab'], stretch=2.0, textColor='white', textFont='Helvetica Bold', textSize=0.144, tickHeight=0, tickMarks=10.0, win=Window(...))
41.7991 	EXP 	RatingScale ratingScale: reset()
41.8006 	EXP 	window1: mouseVisible = False
41.8015 	EXP 	text_4: autoDraw = False
41.8015 	EXP 	text_4: autoDraw = False
41.8015 	EXP 	ratingScale: flipVert = False
41.8015 	EXP 	unnamed Rect: fillColor = <psychopy.colors.Color: (255.0, 255.0, 255.0, 1.0)>
41.8015 	EXP 	ratingScale: autoLog = True
41.8015 	EXP 	unnamed Rect: fillColor = <psychopy.colors.Color: (255.0, 255.0, 255.0, 1.0)>
41.8029 	EXP 	window1: mouseVisible = False
41.8056 	EXP 	window1: mouseVisible = False
41.8137 	EXP 	window1: mouseVisible = False
41.8200 	EXP 	window1: mouseVisible = False
41.8269 	EXP 	window1: mouseVisible = False
41.8344 	EXP 	window1: mouseVisible = False
41.8408 	EXP 	window1: mouseVisible = False
41.8481 	EXP 	window1: mouseVisible = False
41.8547 	EXP 	window1: mouseVisible = False
41.8621 	EXP 	window1: mouseVisible = False
41.8685 	EXP 	window1: mouseVisible = False
41.8757 	EXP 	window1: mouseVisible = False
41.8829 	EXP 	window1: mouseVisible = False
41.8897 	EXP 	window1: mouseVisible = False
41.8968 	EXP 	window1: mouseVisible = False
41.9032 	EXP 	window1: mouseVisible = False
41.9111 	EXP 	window1: mouseVisible = False
41.9176 	EXP 	window1: mouseVisible = False
41.9245 	EXP 	window1: mouseVisible = False
41.9313 	EXP 	window1: mouseVisible = False
41.9388 	EXP 	window1: mouseVisible = False
41.9452 	EXP 	window1: mouseVisible = False
41.9519 	EXP 	window1: mouseVisible = False
41.9594 	EXP 	window1: mouseVisible = False
41.9661 	EXP 	window1: mouseVisible = False
41.9733 	EXP 	window1: mouseVisible = False
41.9805 	EXP 	window1: mouseVisible = False
41.9870 	EXP 	window1: mouseVisible = False
41.9935 	EXP 	window1: mouseVisible = False
42.0004 	EXP 	window1: mouseVisible = False
42.0077 	EXP 	window1: mouseVisible = False
42.0144 	EXP 	window1: mouseVisible = False
42.0213 	EXP 	window1: mouseVisible = False
42.0288 	EXP 	window1: mouseVisible = False
42.0352 	EXP 	window1: mouseVisible = False
42.0426 	EXP 	window1: mouseVisible = False
42.0493 	EXP 	window1: mouseVisible = False
42.0569 	EXP 	window1: mouseVisible = False
42.0633 	EXP 	window1: mouseVisible = False
42.0701 	EXP 	window1: mouseVisible = False
42.0771 	EXP 	window1: mouseVisible = False
42.0843 	EXP 	window1: mouseVisible = False
42.0912 	EXP 	window1: mouseVisible = False
42.0979 	EXP 	window1: mouseVisible = False
42.1049 	EXP 	window1: mouseVisible = False
42.1121 	EXP 	window1: mouseVisible = False
42.1187 	EXP 	window1: mouseVisible = False
42.1256 	EXP 	window1: mouseVisible = False
42.1330 	EXP 	window1: mouseVisible = False
42.1395 	EXP 	window1: mouseVisible = False
42.1468 	EXP 	window1: mouseVisible = False
42.1535 	EXP 	window1: mouseVisible = False
42.1603 	EXP 	window1: mouseVisible = False
42.1672 	EXP 	window1: mouseVisible = False
42.1740 	EXP 	window1: mouseVisible = False
42.1809 	EXP 	window1: mouseVisible = False
42.1878 	EXP 	window1: mouseVisible = False
42.1947 	EXP 	window1: mouseVisible = False
42.2016 	EXP 	window1: mouseVisible = False
42.2088 	EXP 	window1: mouseVisible = False
42.2161 	EXP 	window1: mouseVisible = False
42.2232 	EXP 	window1: mouseVisible = False
42.2300 	EXP 	window1: mouseVisible = False
42.2366 	EXP 	window1: mouseVisible = False
42.2435 	EXP 	window1: mouseVisible = False
42.2508 	EXP 	window1: mouseVisible = False
42.2574 	EXP 	window1: mouseVisible = False
42.2645 	EXP 	window1: mouseVisible = False
42.2714 	EXP 	window1: mouseVisible = False
42.2789 	EXP 	window1: mouseVisible = False
42.2854 	EXP 	window1: mouseVisible = False
42.2921 	EXP 	window1: mouseVisible = False
42.2989 	EXP 	window1: mouseVisible = False
42.3061 	EXP 	window1: mouseVisible = False
42.3133 	EXP 	window1: mouseVisible = False
42.3206 	EXP 	window1: mouseVisible = False
42.3272 	EXP 	window1: mouseVisible = False
42.3344 	EXP 	window1: mouseVisible = False
42.3415 	EXP 	window1: mouseVisible = False
42.3482 	EXP 	window1: mouseVisible = False
42.3553 	EXP 	window1: mouseVisible = False
42.3617 	EXP 	window1: mouseVisible = False
42.3697 	EXP 	window1: mouseVisible = False
42.3754 	EXP 	window1: mouseVisible = False
42.3829 	EXP 	window1: mouseVisible = False
42.3902 	EXP 	window1: mouseVisible = False
42.3973 	EXP 	window1: mouseVisible = False
42.4037 	EXP 	window1: mouseVisible = False
42.4103 	EXP 	window1: mouseVisible = False
42.4174 	EXP 	window1: mouseVisible = False
42.4248 	EXP 	window1: mouseVisible = False
42.4315 	EXP 	window1: mouseVisible = False
42.4383 	EXP 	window1: mouseVisible = False
42.4457 	EXP 	window1: mouseVisible = False
42.4522 	EXP 	window1: mouseVisible = False
42.4589 	EXP 	window1: mouseVisible = False
42.4656 	EXP 	window1: mouseVisible = False
42.4727 	EXP 	window1: mouseVisible = False
42.4799 	EXP 	window1: mouseVisible = False
42.4867 	EXP 	window1: mouseVisible = False
42.4937 	EXP 	window1: mouseVisible = False
42.5003 	EXP 	window1: mouseVisible = False
42.5073 	EXP 	window1: mouseVisible = False
42.5144 	EXP 	window1: mouseVisible = False
42.5212 	EXP 	window1: mouseVisible = False
42.5281 	EXP 	window1: mouseVisible = False
42.5349 	EXP 	window1: mouseVisible = False
42.5420 	EXP 	window1: mouseVisible = False
42.5491 	EXP 	window1: mouseVisible = False
42.5560 	EXP 	window1: mouseVisible = False
42.5634 	EXP 	window1: mouseVisible = False
42.5707 	EXP 	window1: mouseVisible = False
42.5778 	EXP 	window1: mouseVisible = False
42.5842 	EXP 	window1: mouseVisible = False
42.5914 	EXP 	window1: mouseVisible = False
42.5981 	EXP 	window1: mouseVisible = False
42.6050 	EXP 	window1: mouseVisible = False
42.6119 	EXP 	window1: mouseVisible = False
42.6196 	EXP 	window1: mouseVisible = False
42.6258 	EXP 	window1: mouseVisible = False
42.6331 	EXP 	window1: mouseVisible = False
42.6397 	EXP 	window1: mouseVisible = False
42.6470 	EXP 	window1: mouseVisible = False
42.6536 	EXP 	window1: mouseVisible = False
42.6602 	EXP 	window1: mouseVisible = False
42.6673 	EXP 	window1: mouseVisible = False
42.6740 	EXP 	window1: mouseVisible = False
42.6810 	EXP 	window1: mouseVisible = False
42.6883 	EXP 	window1: mouseVisible = False
42.6952 	EXP 	window1: mouseVisible = False
42.7022 	EXP 	window1: mouseVisible = False
42.7085 	EXP 	window1: mouseVisible = False
42.7156 	EXP 	window1: mouseVisible = False
42.7225 	EXP 	window1: mouseVisible = False
42.7292 	EXP 	window1: mouseVisible = False
42.7363 	EXP 	window1: mouseVisible = False
42.7432 	EXP 	window1: mouseVisible = False
42.7503 	EXP 	window1: mouseVisible = False
42.7571 	EXP 	window1: mouseVisible = False
42.7641 	EXP 	window1: mouseVisible = False
42.7714 	EXP 	window1: mouseVisible = False
42.7784 	EXP 	window1: mouseVisible = False
42.7854 	EXP 	window1: mouseVisible = False
42.7929 	EXP 	window1: mouseVisible = False
42.7996 	EXP 	window1: mouseVisible = False
42.8060 	EXP 	window1: mouseVisible = False
42.8129 	EXP 	window1: mouseVisible = False
42.8198 	EXP 	window1: mouseVisible = False
42.8268 	EXP 	window1: mouseVisible = False
42.8337 	EXP 	window1: mouseVisible = False
42.8407 	EXP 	window1: mouseVisible = False
42.8480 	EXP 	window1: mouseVisible = False
42.8550 	EXP 	window1: mouseVisible = False
42.8615 	EXP 	window1: mouseVisible = False
42.8684 	EXP 	window1: mouseVisible = False
42.8759 	EXP 	window1: mouseVisible = False
42.8831 	EXP 	window1: mouseVisible = False
42.8897 	EXP 	window1: mouseVisible = False
42.8968 	EXP 	window1: mouseVisible = False
42.9035 	EXP 	window1: mouseVisible = False
42.9103 	EXP 	window1: mouseVisible = False
42.9193 	EXP 	window1: mouseVisible = False
42.9263 	EXP 	window1: mouseVisible = False
42.9326 	EXP 	window1: mouseVisible = False
42.9382 	EXP 	window1: mouseVisible = False
42.9449 	EXP 	window1: mouseVisible = False
42.9544 	EXP 	window1: mouseVisible = False
42.9593 	EXP 	window1: mouseVisible = False
42.9662 	EXP 	window1: mouseVisible = False
42.9730 	EXP 	window1: mouseVisible = False
42.9802 	EXP 	window1: mouseVisible = False
42.9872 	EXP 	window1: mouseVisible = False
42.9943 	EXP 	window1: mouseVisible = False
43.0008 	DATA 	Keypress: n
43.0012 	EXP 	window1: mouseVisible = False
43.0075 	EXP 	window1: mouseVisible = False
43.0148 	EXP 	window1: mouseVisible = False
43.0219 	EXP 	window1: mouseVisible = False
43.0301 	EXP 	window1: mouseVisible = False
43.0356 	EXP 	window1: mouseVisible = False
43.0440 	EXP 	window1: mouseVisible = False
43.0495 	EXP 	window1: mouseVisible = False
43.0567 	EXP 	window1: mouseVisible = False
43.0645 	EXP 	window1: mouseVisible = False
43.0703 	EXP 	window1: mouseVisible = False
43.0787 	EXP 	window1: mouseVisible = False
43.0843 	EXP 	window1: mouseVisible = False
43.0910 	EXP 	window1: mouseVisible = False
43.0979 	EXP 	window1: mouseVisible = False
43.1048 	EXP 	window1: mouseVisible = False
43.1122 	EXP 	window1: mouseVisible = False
43.1187 	EXP 	window1: mouseVisible = False
43.1266 	EXP 	window1: mouseVisible = False
43.1328 	EXP 	window1: mouseVisible = False
43.1401 	EXP 	window1: mouseVisible = False
43.1466 	EXP 	window1: mouseVisible = False
43.1537 	EXP 	window1: mouseVisible = False
43.1605 	EXP 	window1: mouseVisible = False
43.1693 	EXP 	window1: mouseVisible = False
43.1743 	EXP 	window1: mouseVisible = False
43.1813 	EXP 	window1: mouseVisible = False
43.1887 	EXP 	window1: mouseVisible = False
43.1949 	EXP 	window1: mouseVisible = False
43.2019 	EXP 	window1: mouseVisible = False
43.2099 	EXP 	window1: mouseVisible = False
43.2159 	EXP 	window1: mouseVisible = False
43.2227 	EXP 	window1: mouseVisible = False
43.2298 	EXP 	window1: mouseVisible = False
43.2367 	EXP 	window1: mouseVisible = False
43.2437 	EXP 	window1: mouseVisible = False
43.2512 	EXP 	window1: mouseVisible = False
43.2577 	EXP 	window1: mouseVisible = False
43.2651 	EXP 	window1: mouseVisible = False
43.2717 	EXP 	window1: mouseVisible = False
43.2787 	EXP 	window1: mouseVisible = False
43.2860 	EXP 	window1: mouseVisible = False
43.2937 	EXP 	window1: mouseVisible = False
43.2995 	EXP 	window1: mouseVisible = False
43.3065 	EXP 	window1: mouseVisible = False
43.3135 	EXP 	window1: mouseVisible = False
43.3204 	EXP 	window1: mouseVisible = False
43.3276 	EXP 	window1: mouseVisible = False
43.3350 	EXP 	window1: mouseVisible = False
43.3410 	EXP 	window1: mouseVisible = False
43.3486 	EXP 	window1: mouseVisible = False
43.3548 	EXP 	window1: mouseVisible = False
43.3619 	EXP 	window1: mouseVisible = False
43.3692 	EXP 	window1: mouseVisible = False
43.3755 	EXP 	window1: mouseVisible = False
43.3825 	EXP 	window1: mouseVisible = False
43.3894 	EXP 	window1: mouseVisible = False
43.3964 	EXP 	window1: mouseVisible = False
43.4039 	EXP 	window1: mouseVisible = False
43.4107 	EXP 	window1: mouseVisible = False
43.4178 	EXP 	window1: mouseVisible = False
43.4251 	EXP 	window1: mouseVisible = False
43.4319 	EXP 	window1: mouseVisible = False
43.4384 	EXP 	window1: mouseVisible = False
43.4456 	EXP 	window1: mouseVisible = False
43.4526 	EXP 	window1: mouseVisible = False
43.4591 	EXP 	window1: mouseVisible = False
43.4660 	EXP 	window1: mouseVisible = False
43.4729 	EXP 	window1: mouseVisible = False
43.4801 	EXP 	window1: mouseVisible = False
43.4869 	EXP 	window1: mouseVisible = False
43.4938 	EXP 	window1: mouseVisible = False
43.5009 	EXP 	window1: mouseVisible = False
43.5077 	EXP 	window1: mouseVisible = False
43.5145 	EXP 	window1: mouseVisible = False
43.5216 	EXP 	window1: mouseVisible = False
43.5280 	EXP 	window1: mouseVisible = False
43.5354 	EXP 	window1: mouseVisible = False
43.5425 	EXP 	window1: mouseVisible = False
43.5497 	EXP 	window1: mouseVisible = False
43.5562 	EXP 	window1: mouseVisible = False
43.5632 	EXP 	window1: mouseVisible = False
43.5706 	EXP 	window1: mouseVisible = False
43.5779 	EXP 	window1: mouseVisible = False
43.5844 	EXP 	window1: mouseVisible = False
43.5916 	EXP 	window1: mouseVisible = False
43.5980 	EXP 	window1: mouseVisible = False
43.6052 	EXP 	window1: mouseVisible = False
43.6123 	EXP 	window1: mouseVisible = False
43.6196 	EXP 	window1: mouseVisible = False
43.6258 	EXP 	window1: mouseVisible = False
43.6332 	EXP 	window1: mouseVisible = False
43.6425 	EXP 	window1: mouseVisible = False
43.6472 	EXP 	window1: mouseVisible = False
43.6536 	EXP 	window1: mouseVisible = False
43.6608 	EXP 	window1: mouseVisible = False
43.6680 	EXP 	window1: mouseVisible = False
43.6746 	EXP 	window1: mouseVisible = False
43.6820 	EXP 	window1: mouseVisible = False
43.6885 	EXP 	window1: mouseVisible = False
43.6952 	EXP 	window1: mouseVisible = False
43.7021 	EXP 	window1: mouseVisible = False
43.7088 	EXP 	window1: mouseVisible = False
43.7157 	EXP 	window1: mouseVisible = False
43.7226 	EXP 	window1: mouseVisible = False
43.7295 	EXP 	window1: mouseVisible = False
43.7366 	EXP 	window1: mouseVisible = False
43.7436 	EXP 	window1: mouseVisible = False
43.7512 	EXP 	window1: mouseVisible = False
43.7576 	EXP 	window1: mouseVisible = False
43.7646 	EXP 	window1: mouseVisible = False
43.7717 	EXP 	window1: mouseVisible = False
43.7788 	EXP 	window1: mouseVisible = False
43.7855 	EXP 	window1: mouseVisible = False
43.7925 	EXP 	window1: mouseVisible = False
43.7998 	EXP 	window1: mouseVisible = False
43.8073 	EXP 	window1: mouseVisible = False
43.8140 	EXP 	window1: mouseVisible = False
43.8205 	EXP 	window1: mouseVisible = False
43.8279 	EXP 	window1: mouseVisible = False
43.8341 	EXP 	window1: mouseVisible = False
43.8412 	EXP 	window1: mouseVisible = False
43.8480 	EXP 	window1: mouseVisible = False
43.8551 	EXP 	window1: mouseVisible = False
43.8619 	EXP 	window1: mouseVisible = False
43.8692 	EXP 	window1: mouseVisible = False
43.8758 	EXP 	window1: mouseVisible = False
43.8825 	EXP 	window1: mouseVisible = False
43.8900 	EXP 	window1: mouseVisible = False
43.8965 	EXP 	window1: mouseVisible = False
43.9034 	EXP 	window1: mouseVisible = False
43.9104 	EXP 	window1: mouseVisible = False
43.9177 	EXP 	window1: mouseVisible = False
43.9243 	EXP 	window1: mouseVisible = False
43.9313 	EXP 	window1: mouseVisible = False
43.9386 	EXP 	window1: mouseVisible = False
43.9457 	EXP 	window1: mouseVisible = False
43.9523 	EXP 	window1: mouseVisible = False
43.9590 	EXP 	window1: mouseVisible = False
43.9658 	EXP 	window1: mouseVisible = False
43.9728 	EXP 	window1: mouseVisible = False
43.9793 	EXP 	window1: mouseVisible = False
43.9864 	EXP 	window1: mouseVisible = False
43.9934 	EXP 	window1: mouseVisible = False
44.0008 	EXP 	window1: mouseVisible = False
44.0080 	EXP 	window1: mouseVisible = False
44.0146 	EXP 	window1: mouseVisible = False
44.0216 	EXP 	window1: mouseVisible = False
44.0283 	EXP 	window1: mouseVisible = False
44.0353 	EXP 	window1: mouseVisible = False
44.0422 	EXP 	window1: mouseVisible = False
44.0498 	EXP 	window1: mouseVisible = False
44.0567 	EXP 	window1: mouseVisible = False
44.0634 	DATA 	Keypress: n
44.0638 	EXP 	window1: mouseVisible = False
44.0705 	EXP 	window1: mouseVisible = False
44.0774 	EXP 	window1: mouseVisible = False
44.0842 	EXP 	window1: mouseVisible = False
44.0911 	EXP 	window1: mouseVisible = False
44.0985 	EXP 	window1: mouseVisible = False
44.1049 	EXP 	window1: mouseVisible = False
44.1123 	EXP 	window1: mouseVisible = False
44.1195 	EXP 	window1: mouseVisible = False
44.1259 	EXP 	window1: mouseVisible = False
44.1327 	EXP 	window1: mouseVisible = False
44.1402 	EXP 	window1: mouseVisible = False
44.1472 	EXP 	window1: mouseVisible = False
44.1534 	EXP 	window1: mouseVisible = False
44.1607 	EXP 	window1: mouseVisible = False
44.1680 	EXP 	window1: mouseVisible = False
44.1745 	EXP 	window1: mouseVisible = False
44.1814 	EXP 	window1: mouseVisible = False
44.1885 	EXP 	window1: mouseVisible = False
44.1957 	EXP 	window1: mouseVisible = False
44.2021 	EXP 	window1: mouseVisible = False
44.2091 	EXP 	window1: mouseVisible = False
44.2165 	EXP 	window1: mouseVisible = False
44.2238 	EXP 	window1: mouseVisible = False
44.2303 	EXP 	window1: mouseVisible = False
44.2367 	EXP 	window1: mouseVisible = False
44.2436 	EXP 	window1: mouseVisible = False
44.2506 	EXP 	window1: mouseVisible = False
44.2582 	EXP 	window1: mouseVisible = False
44.2653 	EXP 	window1: mouseVisible = False
44.2724 	EXP 	window1: mouseVisible = False
44.2788 	EXP 	window1: mouseVisible = False
44.2864 	EXP 	window1: mouseVisible = False
44.2926 	EXP 	window1: mouseVisible = False
44.2997 	EXP 	window1: mouseVisible = False
44.3066 	EXP 	window1: mouseVisible = False
44.3136 	EXP 	window1: mouseVisible = False
44.3208 	EXP 	window1: mouseVisible = False
44.3275 	EXP 	window1: mouseVisible = False
44.3348 	EXP 	window1: mouseVisible = False
44.3414 	EXP 	window1: mouseVisible = False
44.3488 	EXP 	window1: mouseVisible = False
44.3551 	EXP 	window1: mouseVisible = False
44.3618 	EXP 	window1: mouseVisible = False
44.3690 	EXP 	window1: mouseVisible = False
44.3757 	EXP 	window1: mouseVisible = False
44.3830 	EXP 	window1: mouseVisible = False
44.3902 	EXP 	window1: mouseVisible = False
44.3966 	EXP 	window1: mouseVisible = False
44.4034 	EXP 	window1: mouseVisible = False
44.4106 	EXP 	window1: mouseVisible = False
44.4179 	EXP 	window1: mouseVisible = False
44.4249 	EXP 	window1: mouseVisible = False
44.4315 	EXP 	window1: mouseVisible = False
44.4384 	EXP 	window1: mouseVisible = False
44.4458 	EXP 	window1: mouseVisible = False
44.4523 	EXP 	window1: mouseVisible = False
44.4590 	EXP 	window1: mouseVisible = False
44.4661 	EXP 	window1: mouseVisible = False
44.4727 	EXP 	window1: mouseVisible = False
44.4798 	EXP 	window1: mouseVisible = False
44.4867 	EXP 	window1: mouseVisible = False
44.4936 	EXP 	window1: mouseVisible = False
44.5008 	EXP 	window1: mouseVisible = False
44.5080 	EXP 	window1: mouseVisible = False
44.5149 	EXP 	window1: mouseVisible = False
44.5216 	EXP 	window1: mouseVisible = False
44.5285 	EXP 	window1: mouseVisible = False
44.5353 	EXP 	window1: mouseVisible = False
44.5424 	EXP 	window1: mouseVisible = False
44.5496 	EXP 	window1: mouseVisible = False
44.5568 	EXP 	window1: mouseVisible = False
44.5633 	EXP 	window1: mouseVisible = False
44.5702 	EXP 	window1: mouseVisible = False
44.5778 	EXP 	window1: mouseVisible = False
44.5843 	EXP 	window1: mouseVisible = False
44.5919 	EXP 	window1: mouseVisible = False
44.5984 	EXP 	window1: mouseVisible = False
44.6052 	EXP 	window1: mouseVisible = False
44.6123 	EXP 	window1: mouseVisible = False
44.6190 	EXP 	window1: mouseVisible = False
44.6257 	EXP 	window1: mouseVisible = False
44.6330 	EXP 	window1: mouseVisible = False
44.6412 	EXP 	window1: mouseVisible = False
44.6469 	EXP 	window1: mouseVisible = False
44.6545 	EXP 	window1: mouseVisible = False
44.6608 	EXP 	window1: mouseVisible = False
44.6674 	EXP 	window1: mouseVisible = False
44.6745 	EXP 	window1: mouseVisible = False
44.6811 	EXP 	window1: mouseVisible = False
44.6881 	EXP 	window1: mouseVisible = False
44.6950 	EXP 	window1: mouseVisible = False
44.7020 	EXP 	window1: mouseVisible = False
44.7092 	EXP 	window1: mouseVisible = False
44.7160 	EXP 	window1: mouseVisible = False
44.7235 	EXP 	window1: mouseVisible = False
44.7301 	EXP 	window1: mouseVisible = False
44.7371 	EXP 	window1: mouseVisible = False
44.7438 	EXP 	window1: mouseVisible = False
44.7513 	EXP 	window1: mouseVisible = False
44.7579 	EXP 	window1: mouseVisible = False
44.7653 	EXP 	window1: mouseVisible = False
44.7720 	EXP 	window1: mouseVisible = False
44.7792 	EXP 	window1: mouseVisible = False
44.7866 	EXP 	window1: mouseVisible = False
44.7928 	EXP 	window1: mouseVisible = False
44.8001 	EXP 	window1: mouseVisible = False
44.8068 	EXP 	window1: mouseVisible = False
44.8141 	EXP 	window1: mouseVisible = False
44.8206 	EXP 	window1: mouseVisible = False
44.8279 	EXP 	window1: mouseVisible = False
44.8343 	EXP 	window1: mouseVisible = False
44.8414 	EXP 	window1: mouseVisible = False
44.8483 	EXP 	window1: mouseVisible = False
44.8550 	EXP 	window1: mouseVisible = False
44.8620 	EXP 	window1: mouseVisible = False
44.8688 	EXP 	window1: mouseVisible = False
44.8758 	EXP 	window1: mouseVisible = False
44.8828 	EXP 	window1: mouseVisible = False
44.8894 	EXP 	window1: mouseVisible = False
44.8963 	EXP 	window1: mouseVisible = False
44.9032 	EXP 	window1: mouseVisible = False
44.9103 	EXP 	window1: mouseVisible = False
44.9171 	EXP 	window1: mouseVisible = False
44.9241 	EXP 	window1: mouseVisible = False
44.9310 	EXP 	window1: mouseVisible = False
44.9383 	EXP 	window1: mouseVisible = False
44.9457 	EXP 	window1: mouseVisible = False
44.9522 	EXP 	window1: mouseVisible = False
44.9590 	EXP 	window1: mouseVisible = False
44.9659 	EXP 	window1: mouseVisible = False
44.9730 	EXP 	window1: mouseVisible = False
44.9796 	EXP 	window1: mouseVisible = False
44.9866 	EXP 	window1: mouseVisible = False
44.9936 	EXP 	window1: mouseVisible = False
45.0005 	EXP 	window1: mouseVisible = False
45.0077 	EXP 	window1: mouseVisible = False
45.0148 	EXP 	window1: mouseVisible = False
45.0220 	EXP 	window1: mouseVisible = False
45.0286 	EXP 	window1: mouseVisible = False
45.0358 	EXP 	window1: mouseVisible = False
45.0427 	EXP 	window1: mouseVisible = False
45.0495 	EXP 	window1: mouseVisible = False
45.0565 	EXP 	window1: mouseVisible = False
45.0633 	EXP 	window1: mouseVisible = False
45.0706 	EXP 	window1: mouseVisible = False
45.0775 	EXP 	window1: mouseVisible = False
45.0846 	EXP 	window1: mouseVisible = False
45.0912 	EXP 	window1: mouseVisible = False
45.0986 	EXP 	window1: mouseVisible = False
45.1055 	EXP 	window1: mouseVisible = False
45.1125 	EXP 	window1: mouseVisible = False
45.1194 	EXP 	window1: mouseVisible = False
45.1259 	EXP 	window1: mouseVisible = False
45.1333 	EXP 	window1: mouseVisible = False
45.1397 	EXP 	window1: mouseVisible = False
45.1471 	EXP 	window1: mouseVisible = False
45.1534 	EXP 	window1: mouseVisible = False
45.1606 	EXP 	window1: mouseVisible = False
45.1679 	EXP 	window1: mouseVisible = False
45.1748 	EXP 	window1: mouseVisible = False
45.1821 	EXP 	window1: mouseVisible = False
45.1885 	EXP 	window1: mouseVisible = False
45.1956 	EXP 	window1: mouseVisible = False
45.2020 	EXP 	window1: mouseVisible = False
45.2090 	EXP 	window1: mouseVisible = False
45.2158 	EXP 	window1: mouseVisible = False
45.2228 	EXP 	window1: mouseVisible = False
45.2303 	EXP 	window1: mouseVisible = False
45.2368 	EXP 	window1: mouseVisible = False
45.2440 	EXP 	window1: mouseVisible = False
45.2508 	EXP 	window1: mouseVisible = False
45.2577 	EXP 	window1: mouseVisible = False
45.2646 	EXP 	window1: mouseVisible = False
45.2714 	EXP 	window1: mouseVisible = False
45.2784 	EXP 	window1: mouseVisible = False
45.2861 	EXP 	window1: mouseVisible = False
45.2928 	EXP 	window1: mouseVisible = False
45.2994 	EXP 	window1: mouseVisible = False
45.3061 	EXP 	window1: mouseVisible = False
45.3133 	EXP 	window1: mouseVisible = False
45.3224 	EXP 	window1: mouseVisible = False
45.3273 	EXP 	window1: mouseVisible = False
45.3348 	EXP 	window1: mouseVisible = False
45.3414 	EXP 	window1: mouseVisible = False
45.3482 	EXP 	window1: mouseVisible = False
45.3551 	EXP 	window1: mouseVisible = False
45.3619 	EXP 	window1: mouseVisible = False
45.3691 	EXP 	window1: mouseVisible = False
45.3763 	EXP 	window1: mouseVisible = False
45.3832 	EXP 	window1: mouseVisible = False
45.3900 	EXP 	window1: mouseVisible = False
45.3970 	EXP 	window1: mouseVisible = False
45.4041 	EXP 	window1: mouseVisible = False
45.4108 	EXP 	window1: mouseVisible = False
45.4180 	EXP 	window1: mouseVisible = False
45.4249 	EXP 	window1: mouseVisible = False
45.4322 	EXP 	window1: mouseVisible = False
45.4389 	EXP 	window1: mouseVisible = False
45.4455 	EXP 	window1: mouseVisible = False
45.4525 	EXP 	window1: mouseVisible = False
45.4597 	EXP 	window1: mouseVisible = False
45.4673 	EXP 	window1: mouseVisible = False
45.4733 	EXP 	window1: mouseVisible = False
45.4807 	EXP 	window1: mouseVisible = False
45.4876 	EXP 	window1: mouseVisible = False
45.4955 	EXP 	window1: mouseVisible = False
45.5019 	EXP 	window1: mouseVisible = False
45.5079 	EXP 	window1: mouseVisible = False
45.5149 	EXP 	window1: mouseVisible = False
45.5217 	EXP 	window1: mouseVisible = False
45.5292 	EXP 	window1: mouseVisible = False
45.5358 	EXP 	window1: mouseVisible = False
45.5427 	EXP 	window1: mouseVisible = False
45.5498 	EXP 	window1: mouseVisible = False
45.5565 	EXP 	window1: mouseVisible = False
45.5636 	EXP 	window1: mouseVisible = False
45.5705 	EXP 	window1: mouseVisible = False
45.5778 	EXP 	window1: mouseVisible = False
45.5848 	EXP 	window1: mouseVisible = False
45.5914 	EXP 	window1: mouseVisible = False
45.5984 	EXP 	window1: mouseVisible = False
45.6051 	EXP 	window1: mouseVisible = False
45.6121 	EXP 	window1: mouseVisible = False
45.6196 	EXP 	window1: mouseVisible = False
45.6261 	EXP 	window1: mouseVisible = False
45.6335 	EXP 	window1: mouseVisible = False
45.6411 	EXP 	window1: mouseVisible = False
45.6486 	EXP 	window1: mouseVisible = False
45.6536 	EXP 	window1: mouseVisible = False
45.6607 	EXP 	window1: mouseVisible = False
45.6685 	EXP 	window1: mouseVisible = False
45.6745 	EXP 	window1: mouseVisible = False
45.6817 	EXP 	window1: mouseVisible = False
45.6907 	EXP 	window1: mouseVisible = False
45.6953 	EXP 	window1: mouseVisible = False
45.7025 	EXP 	window1: mouseVisible = False
45.7093 	EXP 	window1: mouseVisible = False
45.7162 	EXP 	window1: mouseVisible = False
45.7230 	EXP 	window1: mouseVisible = False
45.7301 	EXP 	window1: mouseVisible = False
45.7370 	EXP 	window1: mouseVisible = False
45.7439 	EXP 	window1: mouseVisible = False
45.7507 	EXP 	window1: mouseVisible = False
45.7583 	EXP 	window1: mouseVisible = False
45.7653 	EXP 	window1: mouseVisible = False
45.7723 	EXP 	window1: mouseVisible = False
45.7796 	EXP 	window1: mouseVisible = False
45.7867 	EXP 	window1: mouseVisible = False
45.7929 	EXP 	window1: mouseVisible = False
45.8000 	EXP 	window1: mouseVisible = False
45.8067 	EXP 	window1: mouseVisible = False
45.8138 	EXP 	window1: mouseVisible = False
45.8207 	EXP 	window1: mouseVisible = False
45.8290 	EXP 	window1: mouseVisible = False
45.8342 	EXP 	window1: mouseVisible = False
45.8410 	EXP 	window1: mouseVisible = False
45.8481 	EXP 	window1: mouseVisible = False
45.8550 	EXP 	window1: mouseVisible = False
45.8620 	EXP 	window1: mouseVisible = False
45.8691 	EXP 	window1: mouseVisible = False
45.8761 	EXP 	window1: mouseVisible = False
45.8838 	EXP 	window1: mouseVisible = False
45.8905 	EXP 	window1: mouseVisible = False
45.8980 	EXP 	window1: mouseVisible = False
45.9041 	EXP 	window1: mouseVisible = False
45.9114 	EXP 	window1: mouseVisible = False
45.9175 	EXP 	window1: mouseVisible = False
45.9246 	EXP 	window1: mouseVisible = False
45.9317 	EXP 	window1: mouseVisible = False
45.9384 	EXP 	window1: mouseVisible = False
45.9453 	EXP 	window1: mouseVisible = False
45.9525 	EXP 	window1: mouseVisible = False
45.9592 	EXP 	window1: mouseVisible = False
45.9660 	EXP 	window1: mouseVisible = False
45.9730 	EXP 	window1: mouseVisible = False
45.9801 	EXP 	window1: mouseVisible = False
45.9882 	EXP 	window1: mouseVisible = False
45.9947 	EXP 	window1: mouseVisible = False
46.0015 	EXP 	window1: mouseVisible = False
46.0079 	EXP 	window1: mouseVisible = False
46.0147 	EXP 	window1: mouseVisible = False
46.0217 	EXP 	window1: mouseVisible = False
46.0285 	EXP 	window1: mouseVisible = False
46.0354 	EXP 	window1: mouseVisible = False
46.0424 	EXP 	window1: mouseVisible = False
46.0498 	EXP 	window1: mouseVisible = False
46.0571 	EXP 	window1: mouseVisible = False
46.0635 	EXP 	window1: mouseVisible = False
46.0703 	EXP 	window1: mouseVisible = False
46.0771 	EXP 	window1: mouseVisible = False
46.0840 	EXP 	window1: mouseVisible = False
46.0915 	EXP 	window1: mouseVisible = False
46.0987 	EXP 	window1: mouseVisible = False
46.1053 	EXP 	window1: mouseVisible = False
46.1122 	EXP 	window1: mouseVisible = False
46.1193 	EXP 	window1: mouseVisible = False
46.1260 	EXP 	window1: mouseVisible = False
46.1333 	EXP 	window1: mouseVisible = False
46.1395 	EXP 	window1: mouseVisible = False
46.1466 	EXP 	window1: mouseVisible = False
46.1535 	EXP 	window1: mouseVisible = False
46.1608 	EXP 	window1: mouseVisible = False
46.1681 	EXP 	window1: mouseVisible = False
46.1747 	EXP 	window1: mouseVisible = False
46.1815 	EXP 	window1: mouseVisible = False
46.1887 	EXP 	window1: mouseVisible = False
46.1960 	EXP 	window1: mouseVisible = False
46.2033 	EXP 	window1: mouseVisible = False
46.2095 	EXP 	window1: mouseVisible = False
46.2170 	EXP 	window1: mouseVisible = False
46.2235 	EXP 	window1: mouseVisible = False
46.2306 	EXP 	window1: mouseVisible = False
46.2376 	EXP 	window1: mouseVisible = False
46.2448 	EXP 	window1: mouseVisible = False
46.2510 	EXP 	window1: mouseVisible = False
46.2579 	EXP 	window1: mouseVisible = False
46.2647 	EXP 	window1: mouseVisible = False
46.2716 	EXP 	window1: mouseVisible = False
46.2785 	EXP 	window1: mouseVisible = False
46.2857 	EXP 	window1: mouseVisible = False
46.2931 	EXP 	window1: mouseVisible = False
46.2996 	EXP 	window1: mouseVisible = False
46.3066 	EXP 	window1: mouseVisible = False
46.3133 	EXP 	window1: mouseVisible = False
46.3202 	EXP 	window1: mouseVisible = False
46.3273 	EXP 	window1: mouseVisible = False
46.3344 	EXP 	window1: mouseVisible = False
46.3417 	EXP 	window1: mouseVisible = False
46.3490 	EXP 	window1: mouseVisible = False
46.3557 	EXP 	window1: mouseVisible = False
46.3627 	EXP 	window1: mouseVisible = False
46.3700 	EXP 	window1: mouseVisible = False
46.3766 	EXP 	window1: mouseVisible = False
46.3834 	EXP 	window1: mouseVisible = False
46.3905 	EXP 	window1: mouseVisible = False
46.3972 	EXP 	window1: mouseVisible = False
46.4044 	EXP 	window1: mouseVisible = False
46.4111 	EXP 	window1: mouseVisible = False
46.4183 	EXP 	window1: mouseVisible = False
46.4257 	EXP 	window1: mouseVisible = False
46.4318 	EXP 	window1: mouseVisible = False
46.4385 	EXP 	window1: mouseVisible = False
46.4458 	EXP 	window1: mouseVisible = False
46.4532 	EXP 	window1: mouseVisible = False
46.4595 	EXP 	window1: mouseVisible = False
46.4665 	EXP 	window1: mouseVisible = False
46.4741 	EXP 	window1: mouseVisible = False
46.4804 	EXP 	window1: mouseVisible = False
46.4870 	EXP 	window1: mouseVisible = False
46.4945 	EXP 	window1: mouseVisible = False
46.5016 	EXP 	window1: mouseVisible = False
46.5084 	EXP 	window1: mouseVisible = False
46.5158 	EXP 	window1: mouseVisible = False
46.5222 	EXP 	window1: mouseVisible = False
46.5299 	EXP 	window1: mouseVisible = False
46.5358 	EXP 	window1: mouseVisible = False
46.5425 	EXP 	window1: mouseVisible = False
46.5495 	EXP 	window1: mouseVisible = False
46.5563 	EXP 	window1: mouseVisible = False
46.5635 	EXP 	window1: mouseVisible = False
46.5710 	EXP 	window1: mouseVisible = False
46.5780 	EXP 	window1: mouseVisible = False
46.5849 	EXP 	window1: mouseVisible = False
46.5914 	EXP 	window1: mouseVisible = False
46.5984 	EXP 	window1: mouseVisible = False
46.6056 	EXP 	window1: mouseVisible = False
46.6130 	EXP 	window1: mouseVisible = False
46.6195 	EXP 	window1: mouseVisible = False
46.6270 	EXP 	window1: mouseVisible = False
46.6334 	EXP 	window1: mouseVisible = False
46.6400 	EXP 	window1: mouseVisible = False
46.6470 	EXP 	window1: mouseVisible = False
46.6540 	EXP 	window1: mouseVisible = False
46.6612 	EXP 	window1: mouseVisible = False
46.6676 	EXP 	window1: mouseVisible = False
46.6744 	EXP 	window1: mouseVisible = False
46.6816 	EXP 	window1: mouseVisible = False
46.6891 	EXP 	window1: mouseVisible = False
46.6956 	EXP 	window1: mouseVisible = False
46.7024 	EXP 	window1: mouseVisible = False
46.7093 	EXP 	window1: mouseVisible = False
46.7161 	EXP 	window1: mouseVisible = False
46.7230 	EXP 	window1: mouseVisible = False
46.7299 	EXP 	window1: mouseVisible = False
46.7370 	EXP 	window1: mouseVisible = False
46.7439 	EXP 	window1: mouseVisible = False
46.7516 	EXP 	window1: mouseVisible = False
46.7577 	EXP 	window1: mouseVisible = False
46.7648 	EXP 	window1: mouseVisible = False
46.7724 	EXP 	window1: mouseVisible = False
46.7790 	EXP 	window1: mouseVisible = False
46.7863 	EXP 	window1: mouseVisible = False
46.7939 	EXP 	window1: mouseVisible = False
46.7999 	EXP 	window1: mouseVisible = False
46.8066 	EXP 	window1: mouseVisible = False
46.8139 	EXP 	window1: mouseVisible = False
46.8214 	EXP 	window1: mouseVisible = False
46.8284 	EXP 	window1: mouseVisible = False
46.8348 	EXP 	window1: mouseVisible = False
46.8413 	EXP 	window1: mouseVisible = False
46.8484 	EXP 	window1: mouseVisible = False
46.8555 	EXP 	window1: mouseVisible = False
46.8628 	EXP 	window1: mouseVisible = False
46.8693 	EXP 	window1: mouseVisible = False
46.8760 	EXP 	window1: mouseVisible = False
46.8828 	EXP 	window1: mouseVisible = False
46.8896 	EXP 	window1: mouseVisible = False
46.8965 	EXP 	window1: mouseVisible = False
46.9035 	EXP 	window1: mouseVisible = False
46.9105 	EXP 	window1: mouseVisible = False
46.9178 	EXP 	window1: mouseVisible = False
46.9247 	EXP 	window1: mouseVisible = False
46.9318 	EXP 	window1: mouseVisible = False
46.9384 	EXP 	window1: mouseVisible = False
46.9453 	EXP 	window1: mouseVisible = False
46.9523 	EXP 	window1: mouseVisible = False
46.9593 	EXP 	window1: mouseVisible = False
46.9661 	EXP 	window1: mouseVisible = False
46.9732 	EXP 	window1: mouseVisible = False
46.9803 	EXP 	window1: mouseVisible = False
46.9871 	EXP 	window1: mouseVisible = False
46.9940 	EXP 	window1: mouseVisible = False
47.0013 	EXP 	window1: mouseVisible = False
47.0081 	EXP 	window1: mouseVisible = False
47.0149 	EXP 	window1: mouseVisible = False
47.0220 	EXP 	window1: mouseVisible = False
47.0290 	EXP 	window1: mouseVisible = False
47.0367 	EXP 	window1: mouseVisible = False
47.0432 	EXP 	window1: mouseVisible = False
47.0505 	EXP 	window1: mouseVisible = False
47.0573 	EXP 	window1: mouseVisible = False
47.0641 	EXP 	window1: mouseVisible = False
47.0714 	EXP 	window1: mouseVisible = False
47.0780 	EXP 	window1: mouseVisible = False
47.0853 	EXP 	window1: mouseVisible = False
47.0918 	EXP 	window1: mouseVisible = False
47.0991 	EXP 	window1: mouseVisible = False
47.1060 	EXP 	window1: mouseVisible = False
47.1124 	EXP 	window1: mouseVisible = False
47.1192 	EXP 	window1: mouseVisible = False
47.1268 	EXP 	window1: mouseVisible = False
47.1334 	EXP 	window1: mouseVisible = False
47.1406 	EXP 	window1: mouseVisible = False
47.1475 	EXP 	window1: mouseVisible = False
47.1546 	EXP 	window1: mouseVisible = False
47.1615 	EXP 	window1: mouseVisible = False
47.1682 	EXP 	window1: mouseVisible = False
47.1752 	EXP 	window1: mouseVisible = False
47.1819 	EXP 	window1: mouseVisible = False
47.1888 	EXP 	window1: mouseVisible = False
47.1957 	EXP 	window1: mouseVisible = False
47.2025 	EXP 	window1: mouseVisible = False
47.2099 	EXP 	window1: mouseVisible = False
47.2172 	EXP 	window1: mouseVisible = False
47.2246 	EXP 	window1: mouseVisible = False
47.2305 	EXP 	window1: mouseVisible = False
47.2372 	EXP 	window1: mouseVisible = False
47.2445 	EXP 	window1: mouseVisible = False
47.2517 	EXP 	window1: mouseVisible = False
47.2581 	EXP 	window1: mouseVisible = False
47.2651 	EXP 	window1: mouseVisible = False
47.2718 	EXP 	window1: mouseVisible = False
47.2795 	EXP 	window1: mouseVisible = False
47.2863 	EXP 	window1: mouseVisible = False
47.2930 	EXP 	window1: mouseVisible = False
47.3004 	EXP 	window1: mouseVisible = False
47.3073 	EXP 	window1: mouseVisible = False
47.3137 	EXP 	window1: mouseVisible = False
47.3207 	EXP 	window1: mouseVisible = False
47.3275 	EXP 	window1: mouseVisible = False
47.3343 	EXP 	window1: mouseVisible = False
47.3413 	EXP 	window1: mouseVisible = False
47.3484 	EXP 	window1: mouseVisible = False
47.3552 	EXP 	window1: mouseVisible = False
47.3626 	EXP 	window1: mouseVisible = False
47.3702 	EXP 	window1: mouseVisible = False
47.3765 	EXP 	window1: mouseVisible = False
47.3833 	EXP 	window1: mouseVisible = False
47.3911 	EXP 	window1: mouseVisible = False
47.3973 	EXP 	window1: mouseVisible = False
47.4048 	EXP 	window1: mouseVisible = False
47.4113 	EXP 	window1: mouseVisible = False
47.4180 	EXP 	window1: mouseVisible = False
47.4249 	EXP 	window1: mouseVisible = False
47.4324 	EXP 	window1: mouseVisible = False
47.4395 	EXP 	window1: mouseVisible = False
47.4465 	EXP 	window1: mouseVisible = False
47.4527 	EXP 	window1: mouseVisible = False
47.4594 	EXP 	window1: mouseVisible = False
47.4663 	EXP 	window1: mouseVisible = False
47.4738 	EXP 	window1: mouseVisible = False
47.4810 	EXP 	window1: mouseVisible = False
47.4876 	EXP 	window1: mouseVisible = False
47.4942 	EXP 	window1: mouseVisible = False
47.5012 	EXP 	window1: mouseVisible = False
47.5085 	EXP 	window1: mouseVisible = False
47.5151 	EXP 	window1: mouseVisible = False
47.5219 	EXP 	window1: mouseVisible = False
47.5290 	EXP 	window1: mouseVisible = False
47.5359 	EXP 	window1: mouseVisible = False
47.5427 	EXP 	window1: mouseVisible = False
47.5501 	EXP 	window1: mouseVisible = False
47.5566 	EXP 	window1: mouseVisible = False
47.5635 	EXP 	window1: mouseVisible = False
47.5704 	EXP 	window1: mouseVisible = False
47.5773 	EXP 	window1: mouseVisible = False
47.5844 	EXP 	window1: mouseVisible = False
47.5918 	EXP 	window1: mouseVisible = False
47.5984 	EXP 	window1: mouseVisible = False
47.6052 	EXP 	window1: mouseVisible = False
47.6121 	EXP 	window1: mouseVisible = False
47.6190 	EXP 	window1: mouseVisible = False
47.6256 	EXP 	window1: mouseVisible = False
47.6327 	EXP 	window1: mouseVisible = False
47.6400 	EXP 	window1: mouseVisible = False
47.6471 	EXP 	window1: mouseVisible = False
47.6546 	EXP 	window1: mouseVisible = False
47.6614 	EXP 	window1: mouseVisible = False
47.6686 	EXP 	window1: mouseVisible = False
47.6748 	EXP 	window1: mouseVisible = False
47.6815 	EXP 	window1: mouseVisible = False
47.6885 	EXP 	window1: mouseVisible = False
47.6954 	EXP 	window1: mouseVisible = False
47.7023 	EXP 	window1: mouseVisible = False
47.7095 	EXP 	window1: mouseVisible = False
47.7167 	EXP 	window1: mouseVisible = False
47.7238 	EXP 	window1: mouseVisible = False
47.7305 	EXP 	window1: mouseVisible = False
47.7375 	EXP 	window1: mouseVisible = False
47.7445 	EXP 	window1: mouseVisible = False
47.7517 	EXP 	window1: mouseVisible = False
47.7585 	EXP 	window1: mouseVisible = False
47.7655 	EXP 	window1: mouseVisible = False
47.7720 	EXP 	window1: mouseVisible = False
47.7790 	EXP 	window1: mouseVisible = False
47.7888 	EXP 	window1: mouseVisible = False
47.7924 	EXP 	window1: mouseVisible = False
47.7999 	EXP 	window1: mouseVisible = False
47.8085 	EXP 	window1: mouseVisible = False
47.8140 	EXP 	window1: mouseVisible = False
47.8207 	EXP 	window1: mouseVisible = False
47.8284 	EXP 	window1: mouseVisible = False
47.8344 	EXP 	window1: mouseVisible = False
47.8415 	EXP 	window1: mouseVisible = False
47.8487 	EXP 	window1: mouseVisible = False
47.8553 	EXP 	window1: mouseVisible = False
47.8623 	EXP 	window1: mouseVisible = False
47.8697 	EXP 	window1: mouseVisible = False
47.8766 	EXP 	window1: mouseVisible = False
47.8835 	EXP 	window1: mouseVisible = False
47.8903 	EXP 	window1: mouseVisible = False
47.8978 	EXP 	window1: mouseVisible = False
47.9047 	EXP 	window1: mouseVisible = False
47.9113 	EXP 	window1: mouseVisible = False
47.9182 	EXP 	window1: mouseVisible = False
47.9251 	EXP 	window1: mouseVisible = False
47.9331 	EXP 	window1: mouseVisible = False
47.9390 	EXP 	window1: mouseVisible = False
47.9474 	EXP 	window1: mouseVisible = False
47.9536 	EXP 	window1: mouseVisible = False
47.9599 	EXP 	window1: mouseVisible = False
47.9680 	EXP 	window1: mouseVisible = False
47.9736 	EXP 	window1: mouseVisible = False
47.9812 	EXP 	window1: mouseVisible = False
47.9895 	EXP 	window1: mouseVisible = False
47.9946 	EXP 	window1: mouseVisible = False
48.0019 	EXP 	window1: mouseVisible = False
48.0085 	EXP 	window1: mouseVisible = False
48.0153 	EXP 	window1: mouseVisible = False
48.0229 	EXP 	window1: mouseVisible = False
48.0294 	EXP 	window1: mouseVisible = False
48.0364 	EXP 	window1: mouseVisible = False
48.0433 	EXP 	window1: mouseVisible = False
48.0502 	EXP 	window1: mouseVisible = False
48.0575 	EXP 	window1: mouseVisible = False
48.0643 	EXP 	window1: mouseVisible = False
48.0710 	EXP 	window1: mouseVisible = False
48.0778 	EXP 	window1: mouseVisible = False
48.0849 	EXP 	window1: mouseVisible = False
48.0921 	EXP 	window1: mouseVisible = False
48.0988 	EXP 	window1: mouseVisible = False
48.1059 	EXP 	window1: mouseVisible = False
48.1126 	EXP 	window1: mouseVisible = False
48.1195 	EXP 	window1: mouseVisible = False
48.1264 	EXP 	window1: mouseVisible = False
48.1333 	EXP 	window1: mouseVisible = False
48.1403 	EXP 	window1: mouseVisible = False
48.1475 	EXP 	window1: mouseVisible = False
48.1543 	EXP 	window1: mouseVisible = False
48.1615 	EXP 	window1: mouseVisible = False
48.1682 	EXP 	window1: mouseVisible = False
48.1749 	EXP 	window1: mouseVisible = False
48.1818 	EXP 	window1: mouseVisible = False
48.1890 	EXP 	window1: mouseVisible = False
48.1964 	EXP 	window1: mouseVisible = False
48.2028 	EXP 	window1: mouseVisible = False
48.2102 	EXP 	window1: mouseVisible = False
48.2166 	EXP 	window1: mouseVisible = False
48.2234 	EXP 	window1: mouseVisible = False
48.2298 	DATA 	Keypress: space
48.3328 	EXP 	main_text: autoDraw = True
48.3328 	EXP 	confirm_text: autoDraw = True
48.3328 	EXP 	ratingScale: autoDraw = False
48.3328 	EXP 	main_text: autoDraw = False
48.3328 	EXP 	confirm_text: autoDraw = False
48.3328 	EXP 	text_2: autoDraw = True
57.5388 	DATA 	Keypress: escape
58.1929 	EXP 	window1: mouseVisible = True
